0 312
1 -512
2 -412
3 -536
4 -616
5 -392
6 -572
7 -792
8 -276
9 -272
10 -488
11 -364
12 -196
13 -376
14 -704
15 -380
16 -464
17 -556
18 -536
19 -808
20 -256
21 -584
22 -464
23 -488
24 -956
25 -180
26 -608
27 -480
28 -548
29 -552
30 -288
31 -468
32 -440
33 -596
34 -476
35 -808
36 -116
37 -548
38 -496
39 -304
40 -420
41 -400
42 -628
43 -496
44 -488
45 -288
46 -400
47 -528
48 -532
49 -672
50 -576
51 -300
52 -512
53 -624
54 -368
55 -580
56 -536
57 -544
58 -384
59 -656
60 -528
61 -592
62 -456
63 -576
64 -452
65 -276
66 -644
67 -700
68 -448
69 -496
70 -464
71 -588
72 -580
73 -560
74 -524
75 -324
76 -568
77 -740
78 -324
79 -480
80 -460
81 -516
82 -660
83 -452
84 -548
85 -472
86 -552
87 -440
88 -256
89 -520
90 -648
91 -600
92 -368
93 -636
94 -592
95 -736
96 -300
97 -416
98 -448
99 -328
100 -616
101 -484
102 -532
103 -232
104 -512
105 -500
106 -536
107 -284
108 -476
109 -544
110 -396
111 -544
112 -632
113 -664
114 -624
115 -456
116 -628
117 -816
118 -612
119 -596
120 -572
121 -408
122 -376
123 -404
124 -652
125 -380
126 -556
127 -528
128 -672
129 -420
130 -780
131 -392
132 -496
133 -488
134 -596
135 -464
136 -708
137 -524
138 -464
139 -616
140 -640
141 -736
142 -656
143 -540
144 -616
145 -380
146 -340
147 -532
148 -320
149 -416
150 -340
151 -468
152 -484
153 -564
154 -480
155 -680
156 -588
157 -556
158 -564
159 -512
160 -696
161 -556
162 -736
163 -436
164 -696
165 -376
166 -536
167 -460
168 -488
169 -748
170 -456
171 -684
172 -612
173 -420
174 -756
175 -536
176 -584
177 -228
178 -448
179 -432
180 -480
181 -504
182 -560
183 -656
184 -248
185 -492
186 -660
187 -500
188 -544
189 -356
190 -528
191 -524
192 -336
193 -464
194 -624
195 -648
196 -616
197 -212
198 -248
199 -460
200 -676
201 -464
202 -484
203 -528
204 -540
205 -660
206 -392
207 -440
208 -372
209 -640
210 -584
211 -360
212 -616
213 -368
214 -472
215 -532
216 -416
217 -492
218 -568
219 -260
220 -604
221 -656
222 -528
223 -332
224 -508
225 -564
226 -580
227 -284
228 -560
229 -456
230 -320
231 -524
232 -552
233 -784
234 -500
235 -512
236 -612
237 -440
238 -724
239 -384
240 -368
241 -560
242 -560
243 -464
244 -352
245 -476
246 -524
247 -752
248 -496
249 -352
250 -816
251 -560
252 -688
253 -484
254 -216
255 -680
256 -648
257 -576
258 -332
259 -700
260 -640
261 -472
262 -352
263 -556
264 -412
265 -300
266 -348
267 -648
268 -372
269 -644
270 -264
271 -504
272 -608
273 -672
274 -444
275 -644
276 -624
277 -496
278 -336
279 -452
280 -904
281 -628
282 -392
283 -828
284 -612
285 -444
286 -492
287 -496
288 -652
289 -356
290 -340
291 -352
292 -900
293 -552
294 -268
295 -320
296 -624
297 -484
298 -620
299 -188
300 -488
301 -428
302 -552
303 -556
304 -660
305 -460
306 -452
307 -324
308 -456
309 -580
310 -476
311 -488
312 -472
313 -508
314 -488
315 -564
316 -752
317 -116
318 -596
319 -664
320 -636
321 -164
322 -544
323 -368
324 -520
325 -360
326 -476
327 -584
328 -448
329 -608
330 -476
331 -428
332 -672
333 -556
334 -516
335 -316
336 -404
337 -424
338 -756
339 -696
340 -372
341 -476
342 -832
343 -624
344 -604
345 -684
346 -576
347 -440
348 -508
349 -572
350 -424
351 -500
352 -836
353 -436
354 -584
355 -436
356 -496
357 -528
358 -284
359 -404
360 -516
361 -616
362 -508
363 -464
364 -712
365 -616
366 -652
367 -572
368 -456
369 -552
370 -664
371 -456
372 -644
373 -616
374 -532
375 -536
376 -452
377 -576
378 -944
379 -372
380 -616
381 -592
382 -324
383 -452
384 -512
385 -816
386 -560
387 -620
388 -160
389 -516
390 -484
391 -488
392 -400
393 -592
394 -504
395 -372
396 -352
397 -648
398 -248
399 -688
400 -572
401 -556
402 -548
403 -296
404 -592
405 -716
406 -352
407 -652
408 -432
409 -512
410 -664
411 -480
412 -340
413 -588
414 -496
415 -508
416 -496
417 -532
418 -692
419 -576
420 -620
421 -468
422 -280
423 -724
424 -624
425 -320
426 -352
427 -684
428 -560
429 -656
430 -560
431 -576
432 -704
433 -476
434 -472
435 -840
436 -692
437 -524
438 -584
439 -444
440 -664
441 -300
442 -256
443 -796
444 -824
445 -820
446 -540
447 -388
448 -360
449 -604
450 -436
451 -640
452 -492
453 -684
454 -620
455 -592
456 -432
457 -468
458 -276
459 -480
460 -712
461 -484
462 -660
463 -744
464 -288
465 -248
466 -600
467 -588
468 -624
469 -620
470 -692
471 -592
472 -416
473 -672
474 -432
475 -580
476 -560
477 -564
478 -660
479 -712
480 -500
481 -516
482 -260
483 -364
484 -536
485 -568
486 -456
487 -284
488 -484
489 -520
490 -488
491 -328
492 -576
493 -564
494 -480
495 -532
496 -332
497 -396
498 -548
499 -236
500 -536
501 -768
502 -456
503 -272
504 -668
505 -560
506 -596
507 -400
508 -408
509 -352
510 -344
511 -208
512 -672
513 -460
514 -328
515 -600
516 -328
517 -840
518 -620
519 -328
520 -304
521 -376
522 -444
523 -480
524 -484
525 -548
526 -676
527 -484
528 -672
529 -448
530 -760
531 -364
532 -476
533 -728
534 -580
535 -640
536 -392
537 -548
538 -436
539 -764
540 -524
541 -460
542 -536
543 -476
544 -500
545 -484
546 -504
547 -664
548 -716
549 -384
550 -572
551 -360
552 -488
553 -628
554 -400
555 -536
556 -264
557 -600
558 -780
559 -560
560 -528
561 -320
562 -440
563 -540
564 -348
565 -440
566 -528
567 -516
568 -468
569 -588
570 -584
571 -772
572 -528
573 -596
574 -724
575 -428
576 -740
577 -396
578 -472
579 -356
580 -400
581 -672
582 -744
583 -448
584 -304
585 -532
586 -72
587 -372
588 -400
589 -640
590 -508
591 -508
592 -484
593 -520
594 -540
595 -476
596 -584
597 -448
598 -680
599 -508
600 -392
601 -464
602 -380
603 -384
604 -576
605 -608
606 -664
607 -716
608 -408
609 -668
610 -292
611 -672
612 -784
613 -352
614 -440
615 -704
616 -608
617 -536
618 -180
619 -604
620 -656
621 -728
622 -624
623 -464
624 -664
625 -544
626 -568
627 -504
628 -224
629 -584
630 -576
631 -600
632 -668
633 -272
634 -524
635 -576
636 -580
637 -616
638 -404
639 -528
640 -500
641 -668
642 -684
643 -652
644 -480
645 -652
646 -520
647 -712
648 -464
649 -604
650 -288
651 -796
652 -568
653 -592
654 -336
655 -456
656 -340
657 -680
658 -552
659 -472
660 -568
661 -644
662 -652
663 -520
664 -600
665 -344
666 -336
667 -680
668 -604
669 -652
670 -552
671 -336
672 -472
673 -612
674 -556
675 -640
676 -292
677 -528
678 -524
679 -532
680 -464
681 -680
682 -304
683 -496
684 -124
685 -448
686 -252
687 -444
688 -464
689 -360
690 -468
691 -468
692 -608
693 -568
694 -564
695 -516
696 -540
697 -464
698 -548
699 -384
700 -652
701 -544
702 -664
703 -344
704 -672
705 -448
706 -884
707 -608
708 -556
709 -480
710 -764
711 -560
712 -344
713 -460
714 -364
715 -608
716 -632
717 -580
718 -352
719 -560
720 -432
721 -268
722 -252
723 -212
724 -340
725 -168
726 -588
727 -508
728 -536
729 -492
730 -436
731 -316
732 -424
733 -632
734 -608
735 -672
736 -572
737 -524
738 -616
739 -576
740 -416
741 -264
742 -568
743 -436
744 -524
745 -732
746 -584
747 -356
748 -532
749 -700
750 -216
751 -584
752 -312
753 -568
754 -580
755 -640
756 -608
757 -444
758 -428
759 -632
760 -380
761 -380
762 -436
763 -648
764 -296
765 -512
766 -420
767 -704
768 -572
769 -688
770 -340
771 -468
772 -548
773 -604
774 -496
775 -372
776 -420
777 -692
778 -356
779 -336
780 -144
781 -760
782 -652
783 -532
784 -648
785 -684
786 -708
787 -588
788 -368
789 -396
790 -648
791 -392
792 -508
793 -612
794 -796
795 -392
796 -568
797 -512
798 -604
799 -564
800 -600
801 -644
802 -532
803 -232
804 -620
805 -464
806 -516
807 -484
808 -836
809 -432
810 -552
811 -480
812 -276
813 -436
814 -400
815 -264
816 -592
817 -584
818 -368
819 -664
820 -236
821 -856
822 -608
823 -548
824 -132
825 -520
826 -728
827 -664
828 -480
829 -676
830 -472
831 -564
832 -480
833 -676
834 -544
835 -764
836 -412
837 -432
838 -524
839 -432
840 -444
841 -436
842 -372
843 -288
844 -676
845 -428
846 -792
847 -428
848 -444
849 -648
850 -476
851 -444
852 -556
853 -420
854 -764
855 -356
856 -412
857 -584
858 -832
859 -464
860 -388
861 -736
862 -476
863 -320
864 -508
865 -532
866 -696
867 -552
868 -376
869 -604
870 -388
871 -396
872 -372
873 -228
874 -316
875 -360
876 -608
877 -396
878 -504
879 -600
880 -376
881 -708
882 -252
883 -264
884 -712
885 -628
886 -688
887 -644
888 -592
889 -584
890 -368
891 -364
892 -264
893 -192
894 -472
895 -760
896 -436
897 -388
898 -364
899 -772
900 -368
901 -824
902 -904
903 -472
904 -360
905 -324
906 -640
907 -472
908 -648
909 -552
910 -408
911 -396
912 -372
913 -572
914 -408
915 -680
916 -824
917 -432
918 -336
919 -684
920 -76
921 -188
922 -668
923 -652
924 -304
925 -672
926 -500
927 -652
928 -332
929 -668
930 -584
931 -780
932 -576
933 -412
934 -664
935 -428
936 -692
937 -412
938 -464
939 -516
940 -448
941 -480
942 -716
943 -596
944 -576
945 -604
946 -456
947 -552
948 -364
949 -552
950 -556
951 -332
952 -400
953 -684
954 -424
955 -264
956 -472
957 -628
958 -280
959 -656
960 -556
961 -412
962 -740
963 -284
964 -432
965 -776
966 -468
967 -536
968 -500
969 -564
970 -484
971 -464
972 -572
973 -644
974 -532
975 -648
976 -536
977 -476
978 -384
979 -812
980 -576
981 -696
982 -500
983 -644
984 -612
985 -360
986 -728
987 -680
988 -544
989 -532
990 -220
991 -620
992 -360
993 -460
994 -368
995 -588
996 -504
997 -272
998 -288
999 -620
1000 -508
1001 -276
1002 -300
1003 -352
1004 -520
1005 -576
1006 -576
1007 -760
1008 -408
1009 -532
1010 -500
1011 -444
1012 -476
1013 -600
1014 -328
1015 -588
1016 -480
1017 -500
1018 -692
1019 -140
1020 -276
1021 -436
1022 -436
1023 -688
1024 -772
1025 -408
1026 -484
1027 -580
1028 -516
1029 -432
1030 -672
1031 -540
1032 -504
1033 -816
1034 -500
1035 -564
1036 -204
1037 -832
1038 -600
1039 -492
1040 -600
1041 -384
1042 -472
1043 -532
1044 -324
1045 -628
1046 -284
1047 -360
1048 -508
1049 -556
1050 -348
1051 -528
1052 -500
1053 -516
1054 -628
1055 -740
1056 -560
1057 -752
1058 -388
1059 -748
1060 -668
1061 -508
1062 -432
1063 -592
1064 -524
1065 -520
1066 -608
1067 -340
1068 -200
1069 -472
1070 -428
1071 -520
1072 -416
1073 -712
1074 -232
1075 -420
1076 -612
1077 -508
1078 -524
1079 -444
1080 -540
1081 -576
1082 -544
1083 -848
1084 -524
1085 -544
1086 -588
1087 -540
1088 -480
1089 -516
1090 -208
1091 -344
1092 -448
1093 -492
1094 -500
1095 -508
1096 -544
1097 -592
1098 -528
1099 -456
1100 -596
1101 -544
1102 -796
1103 -452
1104 -556
1105 -500
1106 -516
1107 -916
1108 -692
1109 -520
1110 -668
1111 -444
1112 -324
1113 -496
1114 -588
1115 -500
1116 -424
1117 -496
1118 -340
1119 -520
1120 -612
1121 -252
1122 -380
1123 -540
1124 -520
1125 -432
1126 -524
1127 -548
1128 -600
1129 -396
1130 -472
1131 -268
1132 -628
1133 -656
1134 -428
1135 -460
1136 -456
1137 -600
1138 -540
1139 -324
1140 -236
1141 -392
1142 -624
1143 -524
1144 -388
1145 -444
1146 -632
1147 -408
1148 -772
1149 -520
1150 -344
1151 -648
1152 -712
1153 -604
1154 -316
1155 -528
1156 -360
1157 -580
1158 -732
1159 -436
1160 -416
1161 -492
1162 -656
1163 -468
1164 -424
1165 -648
1166 -524
1167 -724
1168 -608
1169 -480
1170 -380
1171 -384
1172 -544
1173 -564
1174 -788
1175 -592
1176 -644
1177 -552
1178 -324
1179 -536
1180 -604
1181 -524
1182 -556
1183 -728
1184 -640
1185 -604
1186 -656
1187 -708
1188 -576
1189 -204
1190 -388
1191 -452
1192 -540
1193 -304
1194 -276
1195 -496
1196 -572
1197 -944
1198 -264
1199 -372
1200 -500
1201 -560
1202 -544
1203 -444
1204 -332
1205 -552
1206 -652
1207 -536
1208 -388
1209 -484
1210 -432
1211 -492
1212 -508
1213 -428
1214 -184
1215 -508
1216 -576
1217 -360
1218 -380
1219 -224
1220 -292
1221 -332
1222 -792
1223 -428
1224 -472
1225 -700
1226 -436
1227 -464
1228 -396
1229 -540
1230 -552
1231 -672
1232 -368
1233 -600
1234 -684
1235 -476
1236 -552
1237 -664
1238 -492
1239 -544
1240 -304
1241 -612
1242 -744
1243 -460
1244 -760
1245 -560
1246 -532
1247 -552
1248 -520
1249 -416
1250 -384
1251 -580
1252 -484
1253 -888
1254 -320
1255 -412
1256 -504
1257 -184
1258 -436
1259 -300
1260 -268
1261 -544
1262 -380
1263 -504
1264 -372
1265 -636
1266 -520
1267 -260
1268 -588
1269 -496
1270 -668
1271 -640
1272 -460
1273 -596
1274 -424
1275 -572
1276 -340
1277 -372
1278 -604
1279 -620
1280 -480
1281 -476
1282 -388
1283 -320
1284 -664
1285 -196
1286 -648
1287 -688
1288 -640
1289 -680
1290 -360
1291 -516
1292 -480
1293 -344
1294 -656
1295 -484
1296 -716
1297 -568
1298 -520
1299 -464
1300 -328
1301 -456
1302 -716
1303 -468
1304 -524
1305 -448
1306 -296
1307 -372
1308 -288
1309 -484
1310 -396
1311 -248
1312 -832
1313 -532
1314 -396
1315 -260
1316 -764
1317 -384
1318 -516
1319 -464
1320 -468
1321 -596
1322 -512
1323 -552
1324 -496
1325 -252
1326 -236
1327 -392
1328 -412
1329 -680
1330 -504
1331 -160
1332 -512
1333 -304
1334 -284
1335 -436
1336 -456
1337 -572
1338 -252
1339 -648
1340 -296
1341 -360
1342 -396
1343 -696
1344 -568
1345 -392
1346 -716
1347 -692
1348 -460
1349 -568
1350 -552
1351 -572
1352 -460
1353 -536
1354 -476
1355 -504
1356 -540
1357 -600
1358 -556
1359 -456
1360 -508
1361 -428
1362 -368
1363 -572
1364 -596
1365 -372
1366 -656
1367 -424
1368 -744
1369 -552
1370 -540
1371 -676
1372 -644
1373 -444
1374 -684
1375 -428
1376 -332
1377 -396
1378 -640
1379 -648
1380 -316
1381 -716
1382 -292
1383 -372
1384 -440
1385 -536
1386 -472
1387 -420
1388 -432
1389 -392
1390 -544
1391 -496
1392 -528
1393 -696
1394 -700
1395 -516
1396 -652
1397 -520
1398 -580
1399 -712
1400 -524
1401 -748
1402 -688
1403 -636
1404 -508
1405 -796
1406 -352
1407 -348
1408 -612
1409 -424
1410 -804
1411 -696
1412 -536
1413 -348
1414 -412
1415 -696
1416 -496
1417 -456
1418 -368
1419 -660
1420 -376
1421 -676
1422 -840
1423 -504
1424 -544
1425 -676
1426 -448
1427 -536
1428 -136
1429 -336
1430 -740
1431 -312
1432 -464
1433 -668
1434 -424
1435 -560
1436 -324
1437 -564
1438 -528
1439 -676
1440 -584
1441 -592
1442 -712
1443 -520
1444 -604
1445 -768
1446 -524
1447 -440
1448 -296
1449 -384
1450 -544
1451 -932
1452 -528
1453 -484
1454 -596
1455 -592
1456 -664
1457 -428
1458 -232
1459 -360
1460 -372
1461 -612
1462 -584
1463 -584
1464 -508
1465 -628
1466 -304
1467 -348
1468 -588
1469 -428
1470 -592
1471 -532
1472 -668
1473 -484
1474 -740
1475 -588
1476 -448
1477 -748
1478 -672
1479 -248
1480 -520
1481 -384
1482 -388
1483 -580
1484 -488
1485 -460
1486 -492
1487 -728
1488 -500
1489 -452
1490 -500
1491 -424
1492 -708
1493 -604
1494 -348
1495 -460
1496 -404
1497 -584
1498 -220
1499 -652
1500 -368
1501 -580
1502 -812
1503 -516
1504 -508
1505 -672
1506 -612
1507 -676
1508 -696
1509 -456
1510 -560
1511 -464
1512 -452
1513 -404
1514 -476
1515 -564
1516 -616
1517 -776
1518 -388
1519 -304
1520 -612
1521 -428
1522 -712
1523 -460
1524 -508
1525 -368
1526 -392
1527 -520
1528 -496
1529 -400
1530 -440
1531 -400
1532 -108
1533 -752
1534 -660
1535 -532
1536 -504
1537 -444
1538 -616
1539 -652
1540 -504
1541 -536
1542 -412
1543 -252
1544 -472
1545 -416
1546 -376
1547 -528
1548 -512
1549 -408
1550 -872
1551 -408
1552 -336
1553 -572
1554 -688
1555 -416
1556 -596
1557 -592
1558 -672
1559 -440
1560 -556
1561 -496
1562 -404
1563 -392
1564 -528
1565 -632
1566 -496
1567 -448
1568 -604
1569 -508
1570 -616
1571 -516
1572 -652
1573 -264
1574 -384
1575 -600
1576 -620
1577 -456
1578 -496
1579 -692
1580 -708
1581 -396
1582 -428
1583 -848
1584 -640
1585 -452
1586 -648
1587 -304
1588 -500
1589 -644
1590 -536
1591 -680
1592 -408
1593 -536
1594 -576
1595 -480
1596 -436
1597 -548
1598 -488
1599 -512
1600 -564
1601 -364
1602 -524
1603 -368
1604 -624
1605 -444
1606 -468
1607 -628
1608 -484
1609 -428
1610 -632
1611 -488
1612 -476
1613 -280
1614 -372
1615 -8
1616 -528
1617 -532
1618 -576
1619 -600
1620 -420
1621 -460
1622 -556
1623 -428
1624 -360
1625 -560
1626 -264
1627 -524
1628 -544
1629 -604
1630 -592
1631 -432
1632 -684
1633 -508
1634 -300
1635 -508
1636 -516
1637 -556
1638 -244
1639 -704
1640 -664
1641 -500
1642 -428
1643 -656
1644 -484
1645 -452
1646 -220
1647 -200
1648 -548
1649 -264
1650 -536
1651 -452
1652 -504
1653 -468
1654 -416
1655 -448
1656 -316
1657 -560
1658 -652
1659 -920
1660 -296
1661 -356
1662 -460
1663 -416
1664 -196
1665 -384
1666 -560
1667 -508
1668 -512
1669 -500
1670 -376
1671 -484
1672 -668
1673 -524
1674 -412
1675 -288
1676 -320
1677 -424
1678 -528
1679 -436
1680 -472
1681 -624
1682 -576
1683 -568
1684 -884
1685 -432
1686 -352
1687 -376
1688 -604
1689 -520
1690 -620
1691 -428
1692 -632
1693 -516
1694 -740
1695 -548
1696 -208
1697 -536
1698 -316
1699 -692
1700 -700
1701 -480
1702 -452
1703 -468
1704 -388
1705 -532
1706 -300
1707 -560
1708 -616
1709 -552
1710 -184
1711 -648
1712 -536
1713 -548
1714 -672
1715 -512
1716 -600
1717 -376
1718 -560
1719 -452
1720 -512
1721 -568
1722 -288
1723 -532
1724 -512
1725 -496
1726 -484
1727 -592
1728 -380
1729 -548
1730 -616
1731 -408
1732 -512
1733 -568
1734 -672
1735 -540
1736 -596
1737 -280
1738 -440
1739 -508
1740 -528
1741 -664
1742 -620
1743 -620
1744 -512
1745 -448
1746 -640
1747 -356
1748 -476
1749 -432
1750 -640
1751 -332
1752 -328
1753 -420
1754 -424
1755 -676
1756 -304
1757 -700
1758 -316
1759 -292
1760 -516
1761 -540
1762 -464
1763 -504
1764 -688
1765 -472
1766 -440
1767 -652
1768 -536
1769 -492
1770 -616
1771 -572
1772 -752
1773 -708
1774 -408
1775 -540
1776 -460
1777 -364
1778 -404
1779 -428
1780 -500
1781 -652
1782 -432
1783 -652
1784 -536
1785 -440
1786 -624
1787 -288
1788 -376
1789 -420
1790 -596
1791 -496
1792 -364
1793 -612
1794 -528
1795 -332
1796 -620
1797 -536
1798 -564
1799 -784
1800 -632
1801 -516
1802 -500
1803 -524
1804 -420
1805 -840
1806 -488
1807 -520
1808 -336
1809 -300
1810 -492
1811 -276
1812 -676
1813 -736
1814 -564
1815 -224
1816 -352
1817 -520
1818 -516
1819 -580
1820 -308
1821 -404
1822 -480
1823 -464
1824 -404
1825 -656
1826 -488
1827 -548
1828 -356
1829 -460
1830 -484
1831 -628
1832 -500
1833 -424
1834 -580
1835 -416
1836 -440
1837 -656
1838 -440
1839 -460
1840 -688
1841 -452
1842 -556
1843 -668
1844 -236
1845 -504
1846 -708
1847 -660
1848 -608
1849 -712
1850 -804
1851 -416
1852 -508
1853 -728
1854 -604
1855 -636
1856 -208
1857 -412
1858 -272
1859 -436
1860 -180
1861 -508
1862 -808
1863 -496
1864 -440
1865 -440
1866 -516
1867 -400
1868 -572
1869 -700
1870 -412
1871 -612
1872 -664
1873 -684
1874 -560
1875 -396
1876 -472
1877 -408
1878 -500
1879 -540
1880 -596
1881 -564
1882 -428
1883 -568
1884 -508
1885 -460
1886 -228
1887 -564
1888 -500
1889 -644
1890 -544
1891 -456
1892 -444
1893 -628
1894 -316
1895 -540
1896 -448
1897 -652
1898 -536
1899 -324
1900 -588
1901 -424
1902 -652
1903 -584
1904 -564
1905 -632
1906 -484
1907 -600
1908 -452
1909 -328
1910 -384
1911 -336
1912 -464
1913 -564
1914 -504
1915 -408
1916 -664
1917 -784
1918 -612
1919 -640
1920 -636
1921 -504
1922 -348
1923 -496
1924 -480
1925 -776
1926 -400
1927 -520
1928 -460
1929 -440
1930 -444
1931 -408
1932 -676
1933 -484
1934 -348
1935 -472
1936 -628
1937 -396
1938 -280
1939 -332
1940 -384
1941 -644
1942 -684
1943 -720
1944 -544
1945 -400
1946 -356
1947 -436
1948 -512
1949 -392
1950 -504
1951 -512
1952 -700
1953 -180
1954 -700
1955 -560
1956 -524
1957 -376
1958 -1008
1959 -552
1960 -292
1961 -748
1962 -280
1963 -620
1964 -472
1965 -632
1966 -684
1967 -464
1968 -576
1969 -568
1970 -392
1971 -612
1972 -528
1973 -340
1974 -324
1975 -440
1976 -672
1977 -552
1978 -508
1979 -556
1980 -556
1981 -360
1982 -612
1983 -388
1984 -468
1985 -864
1986 -664
1987 -500
1988 -480
1989 -496
1990 -724
1991 -504
1992 -440
1993 -712
1994 -588
1995 -888
1996 -688
1997 -444
1998 -696
1999 -624
2000 -252
2001 -404
2002 -472
2003 -696
2004 -256
2005 -436
2006 -564
2007 -488
2008 -544
2009 -392
2010 -804
2011 -652
2012 -384
2013 -568
2014 -556
2015 -392
2016 -404
2017 -588
2018 -512
2019 -368
2020 -664
2021 -432
2022 -292
2023 -696
2024 -348
2025 -420
2026 -652
2027 -496
2028 -552
2029 -448
2030 -368
2031 -676
2032 -732
2033 -500
2034 -504
2035 -488
2036 -648
2037 -544
2038 -580
2039 -492
2040 -536
2041 -452
2042 -664
2043 -688
2044 -484
2045 -780
2046 -488
2047 -464
2048 -636
2049 -348
2050 -552
2051 -768
2052 -300
2053 -572
2054 -428
2055 -548
2056 -404
2057 -648
2058 -368
2059 -560
2060 -596
2061 -764
2062 -440
2063 -372
2064 -556
2065 -284
2066 -636
2067 -604
2068 -444
2069 -552
2070 -596
2071 -504
2072 -384
2073 -476
2074 -688
2075 -388
2076 -632
2077 -536
2078 -764
2079 -408
2080 -544
2081 -304
2082 -408
2083 -376
2084 -396
2085 -384
2086 -264
2087 -596
2088 -408
2089 -576
2090 -636
2091 -504
2092 -276
2093 -472
2094 -628
2095 -468
2096 -656
2097 -668
2098 -756
2099 -704
2100 -276
2101 -540
2102 -460
2103 -284
2104 -424
2105 -408
2106 -676
2107 -652
2108 -628
2109 -352
2110 -784
2111 -348
2112 -480
2113 -388
2114 -316
2115 -944
2116 -352
2117 -556
2118 -632
2119 -568
2120 -760
2121 -368
2122 -524
2123 -364
2124 -572
2125 -540
2126 -616
2127 -444
2128 -680
2129 -484
2130 -528
2131 -468
2132 -672
2133 -396
2134 -432
2135 -660
2136 -676
2137 -436
2138 -392
2139 -500
2140 -456
2141 -696
2142 -612
2143 -568
2144 -464
2145 -360
2146 -528
2147 -540
2148 -596
2149 -588
2150 -364
2151 -524
2152 -444
2153 -252
2154 -544
2155 -684
2156 -540
2157 -484
2158 -460
2159 -556
2160 -732
2161 -408
2162 -600
2163 -192
2164 -548
2165 -456
2166 -472
2167 -592
2168 -388
2169 -604
2170 -724
2171 -500
2172 -444
2173 -468
2174 -540
2175 -652
2176 -680
2177 -296
2178 -304
2179 -604
2180 -492
2181 -692
2182 -456
2183 -432
2184 -444
2185 -676
2186 -512
2187 -568
2188 -516
2189 -596
2190 -624
2191 -388
2192 -512
2193 -392
2194 -328
2195 -412
2196 -704
2197 -640
2198 -360
2199 -416
2200 -532
2201 -356
2202 -212
2203 -328
2204 -524
2205 -456
2206 -424
2207 -420
2208 -612
2209 -396
2210 -372
2211 -528
2212 -568
2213 -680
2214 -356
2215 -172
2216 -348
2217 -384
2218 -536
2219 -396
2220 -408
2221 -408
2222 -500
2223 -744
2224 -532
2225 -836
2226 -544
2227 -420
2228 -408
2229 -188
2230 -596
2231 -648
2232 -612
2233 -228
2234 -656
2235 -444
2236 -384
2237 -400
2238 -612
2239 -372
2240 -772
2241 -500
2242 -484
2243 -536
2244 -516
2245 -796
2246 -544
2247 -428
2248 -272
2249 -548
2250 -592
2251 -520
2252 -556
2253 -496
2254 -572
2255 -444
2256 -764
2257 -604
2258 -620
2259 -464
2260 -700
2261 -612
2262 -380
2263 -724
2264 -504
2265 -512
2266 -120
2267 -732
2268 -468
2269 -420
2270 -492
2271 -476
2272 -404
2273 -736
2274 -592
2275 -588
2276 -300
2277 -304
2278 -516
2279 -648
2280 -432
2281 -492
2282 -536
2283 -392
2284 -720
2285 -376
2286 -568
2287 -780
2288 -752
2289 -332
2290 -480
2291 -520
2292 -496
2293 -356
2294 -444
2295 -464
2296 -424
2297 -332
2298 -416
2299 -412
2300 -576
2301 -904
2302 -616
2303 -592
2304 -484
2305 -376
2306 -416
2307 -548
2308 -452
2309 -724
2310 -280
2311 -392
2312 -436
2313 -552
2314 -632
2315 -376
2316 -484
2317 -616
2318 -676
2319 -652
2320 -408
2321 -436
2322 -352
2323 -596
2324 -744
2325 -364
2326 -464
2327 -812
2328 -552
2329 -408
2330 -396
2331 -512
2332 -412
2333 -192
2334 -532
2335 -312
2336 -448
2337 -472
2338 -388
2339 -560
2340 -644
2341 -452
2342 -824
2343 -608
2344 -220
2345 -204
2346 -432
2347 -512
2348 -524
2349 -552
2350 -528
2351 -824
2352 -512
2353 -404
2354 -384
2355 -716
2356 -396
2357 -324
2358 -380
2359 -356
2360 -436
2361 -492
2362 -556
2363 -600
2364 -496
2365 -508
2366 -488
2367 -580
2368 -632
2369 -740
2370 -832
2371 -328
2372 -652
2373 -332
2374 -564
2375 -512
2376 -784
2377 -532
2378 -388
2379 -404
2380 -592
2381 -448
2382 -560
2383 -572
2384 -484
2385 -464
2386 -440
2387 -324
2388 -408
2389 -556
2390 -424
2391 -488
2392 -736
2393 -672
2394 -604
2395 -308
2396 -580
2397 -416
2398 -484
2399 -344
2400 -892
2401 -624
2402 -552
2403 -416
2404 -404
2405 -572
2406 -664
2407 -692
2408 -708
2409 -508
2410 -732
2411 -480
2412 -736
2413 -364
2414 -372
2415 -396
2416 -884
2417 -572
2418 -256
2419 -468
2420 -460
2421 -408
2422 -344
2423 -728
2424 -484
2425 -564
2426 -540
2427 -364
2428 -744
2429 -564
2430 -612
2431 -604
2432 -240
2433 -476
2434 -588
2435 -464
2436 -780
2437 -312
2438 -372
2439 -404
2440 -576
2441 -692
2442 -712
2443 -644
2444 -488
2445 -604
2446 -380
2447 -356
2448 -296
2449 -244
2450 -612
2451 -656
2452 -272
2453 -824
2454 -760
2455 -240
2456 -464
2457 -580
2458 -632
2459 -516
2460 -516
2461 -416
2462 -544
2463 -636
2464 -348
2465 -436
2466 -512
2467 -532
2468 -380
2469 -528
2470 -640
2471 -516
2472 -540
2473 -620
2474 -544
2475 -544
2476 -408
2477 -152
2478 -740
2479 -540
2480 -452
2481 -532
2482 -532
2483 -736
2484 -660
2485 -400
2486 -600
2487 -468
2488 -460
2489 -484
2490 -624
2491 -504
2492 -508
2493 -520
2494 -252
2495 -296
2496 -496
2497 -556
2498 -524
2499 -692
2500 -492
2501 -360
2502 -508
2503 -604
2504 -508
2505 -300
2506 -776
2507 -460
2508 -628
2509 -792
2510 -432
2511 -212
2512 -572
2513 -516
2514 -612
2515 -548
2516 -672
2517 -468
2518 -496
2519 -540
2520 -592
2521 -544
2522 -724
2523 -644
2524 -500
2525 -640
2526 -652
2527 -400
2528 -292
2529 -428
2530 -448
2531 -308
2532 -584
2533 -400
2534 -680
2535 -452
2536 -560
2537 -368
2538 -564
2539 -712
2540 -432
2541 -588
2542 -548
2543 -404
2544 -464
2545 -556
2546 -408
2547 -660
2548 -312
2549 -596
2550 -392
2551 -336
2552 -272
2553 -528
2554 -516
2555 -168
2556 -744
2557 -656
2558 -520
2559 -420
2560 -520
2561 -792
2562 -608
2563 -556
2564 -460
2565 -612
2566 -348
2567 -564
2568 -372
2569 -420
2570 -612
2571 -368
2572 -620
2573 -512
2574 -296
2575 -952
2576 -384
2577 -568
2578 -256
2579 -524
2580 -328
2581 -568
2582 -348
2583 -504
2584 -104
2585 -736
2586 -404
2587 -760
2588 -408
2589 -440
2590 -356
2591 -716
2592 -580
2593 -460
2594 -756
2595 -508
2596 -424
2597 -288
2598 -216
2599 -388
2600 -468
2601 -412
2602 -368
2603 -372
2604 -664
2605 -216
2606 -692
2607 -532
2608 -748
2609 -556
2610 -620
2611 -496
2612 -428
2613 -324
2614 -428
2615 -264
2616 -292
2617 -744
2618 -528
2619 -748
2620 -728
2621 -500
2622 -544
2623 -160
2624 -500
2625 -468
2626 -556
2627 -744
2628 -648
2629 -436
2630 -636
2631 -580
2632 -380
2633 -704
2634 -556
2635 -652
2636 -344
2637 -492
2638 -536
2639 -216
2640 -676
2641 -768
2642 -680
2643 -588
2644 -436
2645 -648
2646 -332
2647 -340
2648 -332
2649 -636
2650 -676
2651 -476
2652 -336
2653 -372
2654 -308
2655 -444
2656 -672
2657 -160
2658 -684
2659 -444
2660 -532
2661 -120
2662 -612
2663 -776
2664 -464
2665 -576
2666 -556
2667 -304
2668 -452
2669 -812
2670 -308
2671 -448
2672 -572
2673 -360
2674 -500
2675 -712
2676 -568
2677 -296
2678 -648
2679 -560
2680 -732
2681 -764
2682 -420
2683 -636
2684 -424
2685 -448
2686 -448
2687 -372
2688 -548
2689 -472
2690 -676
2691 -584
2692 -352
2693 -528
2694 -248
2695 -452
2696 -328
2697 -524
2698 -316
2699 -472
2700 -444
2701 -624
2702 -500
2703 -592
2704 -556
2705 -536
2706 -364
2707 -572
2708 -684
2709 -548
2710 -320
2711 -596
2712 -444
2713 -232
2714 -260
2715 -664
2716 -532
2717 -540
2718 -552
2719 -456
2720 -396
2721 -432
2722 -452
2723 -560
2724 -616
2725 -244
2726 -452
2727 -448
2728 -724
2729 -504
2730 -588
2731 -396
2732 -476
2733 -680
2734 -268
2735 -348
2736 -444
2737 -388
2738 -724
2739 -660
2740 -360
2741 -460
2742 -564
2743 -572
2744 -604
2745 -456
2746 -432
2747 -364
2748 -364
2749 -244
2750 -628
2751 -436
2752 -464
2753 -668
2754 -640
2755 -532
2756 -600
2757 -564
2758 -248
2759 -596
2760 -324
2761 -672
2762 -632
2763 -740
2764 -472
2765 -156
2766 -380
2767 -492
2768 -364
2769 -372
2770 -216
2771 -396
2772 -580
2773 -752
2774 -380
2775 -616
2776 -392
2777 -680
2778 -700
2779 -660
2780 -436
2781 -484
2782 -556
2783 -520
2784 -184
2785 -536
2786 -624
2787 -584
2788 -416
2789 -676
2790 -636
2791 -448
2792 -368
2793 -636
2794 -536
2795 -464
2796 -788
2797 -612
2798 -548
2799 -336
2800 -664
2801 -488
2802 -540
2803 -512
2804 -808
2805 -428
2806 -492
2807 -596
2808 -636
2809 -344
2810 -680
2811 -420
2812 -680
2813 -648
2814 -608
2815 -440
2816 -544
2817 -536
2818 -532
2819 -384
2820 -652
2821 -640
2822 -484
2823 -208
2824 -272
2825 -360
2826 -380
2827 -448
2828 -220
2829 -328
2830 -480
2831 -752
2832 -584
2833 -508
2834 -808
2835 -372
2836 -424
2837 -476
2838 -672
2839 -416
2840 -224
2841 -488
2842 -732
2843 -468
2844 -376
2845 -456
2846 -576
2847 -324
2848 -716
2849 -528
2850 -452
2851 -316
2852 -768
2853 -352
2854 -516
2855 -576
2856 -552
2857 -716
2858 -600
2859 -492
2860 -572
2861 -336
2862 -724
2863 -440
2864 -812
2865 -480
2866 -632
2867 -676
2868 -584
2869 -204
2870 -700
2871 -444
2872 -484
2873 -532
2874 -412
2875 -152
2876 -444
2877 -456
2878 -824
2879 -580
2880 -748
2881 -592
2882 -424
2883 -396
2884 -596
2885 -568
2886 -496
2887 -484
2888 -548
2889 -240
2890 -496
2891 -540
2892 -520
2893 -520
2894 -492
2895 -672
2896 -820
2897 -552
2898 -684
2899 -700
2900 -484
2901 -620
2902 -568
2903 -560
2904 -392
2905 -512
2906 -636
2907 -428
2908 -552
2909 -452
2910 -536
2911 -288
2912 -572
2913 -440
2914 -480
2915 -536
2916 -448
2917 -460
2918 -392
2919 -608
2920 -284
2921 -392
2922 -668
2923 -592
2924 -372
2925 -384
2926 -548
2927 -424
2928 -552
2929 -484
2930 -416
2931 -532
2932 -536
2933 -500
2934 -708
2935 -520
2936 -560
2937 -584
2938 -492
2939 -680
2940 -512
2941 -476
2942 -588
2943 -776
2944 -444
2945 -500
2946 -552
2947 -616
2948 -508
2949 -564
2950 -612
2951 -220
2952 -324
2953 -296
2954 -436
2955 -304
2956 -336
2957 -532
2958 -424
2959 -432
2960 -280
2961 -692
2962 -608
2963 -316
2964 -352
2965 -424
2966 -428
2967 -444
2968 -460
2969 -520
2970 -184
2971 -572
2972 -564
2973 -288
2974 -572
2975 -548
2976 -604
2977 -524
2978 -500
2979 -860
2980 -588
2981 -572
2982 -656
2983 -456
2984 -672
2985 -508
2986 -708
2987 -236
2988 -560
2989 -352
2990 -584
2991 -384
2992 -352
2993 -692
2994 -376
2995 -852
2996 -864
2997 -720
2998 -700
2999 -424
3000 -564
3001 -412
3002 -332
3003 -536
3004 -464
3005 -724
3006 -632
3007 -520
3008 -660
3009 -680
3010 -576
3011 -768
3012 -712
3013 -552
3014 -408
3015 -724
3016 -644
3017 -656
3018 -420
3019 -596
3020 -532
3021 -664
3022 -504
3023 -504
3024 -380
3025 -620
3026 -660
3027 -148
3028 -620
3029 -368
3030 -220
3031 -328
3032 -464
3033 -480
3034 -512
3035 -696
3036 -412
3037 -316
3038 -412
3039 -784
3040 -604
3041 -176
3042 -676
3043 -724
3044 -648
3045 -312
3046 -696
3047 -612
3048 -788
3049 -624
3050 -308
3051 -540
3052 -660
3053 -592
3054 -436
3055 -412
3056 -568
3057 -396
3058 -628
3059 -492
3060 -584
3061 -508
3062 -608
3063 -176
3064 -308
3065 -764
3066 -544
3067 -376
3068 -616
3069 -368
3070 -592
3071 -540
3072 -588
3073 -508
3074 -664
3075 -440
3076 -572
3077 -812
3078 -912
3079 -348
3080 -300
3081 -544
3082 -188
3083 -776
3084 -688
3085 -432
3086 -456
3087 -704
3088 -460
3089 -320
3090 -444
3091 -600
3092 -624
3093 -736
3094 -712
3095 -720
3096 -548
3097 -584
3098 -492
3099 -472
3100 -464
3101 -276
3102 -520
3103 -412
3104 -720
3105 -488
3106 -328
3107 -604
3108 -500
3109 -576
3110 -532
3111 -528
3112 -552
3113 -488
3114 -768
3115 -680
3116 -664
3117 -52
3118 -676
3119 -536
3120 -552
3121 -612
3122 -436
3123 -620
3124 -724
3125 -496
3126 -600
3127 -512
3128 -692
3129 -456
3130 -420
3131 -712
3132 -472
3133 -440
3134 -488
3135 -668
3136 -540
3137 -380
3138 -632
3139 -352
3140 -652
3141 -688
3142 -528
3143 -700
3144 -396
3145 -452
3146 -432
3147 -448
3148 -712
3149 -424
3150 -552
3151 -564
3152 -372
3153 -420
3154 -420
3155 -792
3156 -596
3157 -348
3158 -588
3159 -256
3160 -596
3161 -384
3162 -524
3163 -592
3164 -480
3165 -256
3166 -616
3167 -580
3168 -412
3169 -736
3170 -340
3171 -480
3172 -576
3173 -544
3174 -420
3175 -404
3176 -404
3177 -544
3178 -344
3179 -792
3180 -616
3181 -548
3182 -608
3183 -696
3184 -772
3185 -488
3186 -352
3187 -492
3188 -544
3189 -504
3190 -320
3191 -384
3192 -392
3193 -324
3194 -580
3195 -412
3196 -732
3197 -608
3198 -556
3199 -372
3200 -424
3201 -376
3202 -228
3203 -552
3204 -412
3205 -476
3206 -436
3207 -840
3208 -576
3209 -676
3210 -572
3211 -224
3212 -368
3213 -704
3214 -424
3215 -568
3216 -416
3217 -532
3218 -408
3219 -580
3220 -300
3221 -488
3222 -440
3223 -524
3224 -196
3225 -524
3226 -572
3227 -444
3228 -492
3229 -640
3230 -432
3231 -688
3232 -572
3233 -764
3234 -348
3235 -848
3236 -408
3237 -528
3238 -620
3239 -476
3240 -660
3241 -576
3242 -280
3243 -560
3244 -464
3245 -536
3246 -640
3247 -368
3248 -548
3249 -408
3250 -536
3251 -676
3252 -588
3253 -612
3254 -384
3255 -340
3256 -456
3257 -264
3258 -528
3259 -680
3260 -360
3261 -568
3262 -436
3263 -572
3264 -432
3265 -576
3266 -480
3267 -364
3268 -484
3269 -492
3270 -420
3271 -428
3272 -544
3273 -804
3274 -396
3275 -512
3276 -776
3277 -840
3278 -408
3279 -588
3280 -480
3281 -224
3282 -472
3283 -584
3284 -392
3285 -532
3286 -592
3287 -724
3288 -472
3289 -724
3290 -584
3291 -496
3292 -496
3293 -488
3294 -532
3295 -432
3296 -648
3297 -316
3298 -444
3299 -728
3300 -456
3301 -416
3302 -572
3303 -264
3304 -580
3305 -524
3306 -596
3307 -572
3308 -392
3309 -560
3310 -532
3311 -408
3312 -420
3313 -680
3314 -652
3315 -548
3316 -628
3317 -560
3318 -512
3319 -544
3320 -620
3321 -548
3322 -424
3323 -604
3324 -504
3325 -328
3326 -480
3327 -580
3328 -160
3329 -732
3330 -440
3331 -608
3332 -812
3333 -532
3334 -540
3335 -636
3336 -724
3337 -548
3338 -372
3339 -652
3340 -552
3341 -488
3342 -608
3343 -364
3344 -308
3345 -488
3346 -672
3347 -352
3348 -484
3349 -704
3350 -444
3351 -756
3352 -532
3353 -612
3354 -880
3355 -492
3356 -384
3357 -604
3358 -632
3359 -472
3360 -456
3361 -396
3362 -532
3363 -672
3364 -640
3365 -168
3366 -396
3367 -588
3368 -564
3369 -332
3370 -516
3371 -572
3372 -644
3373 -496
3374 -448
3375 -572
3376 -512
3377 -532
3378 -728
3379 -664
3380 -556
3381 -672
3382 -540
3383 -352
3384 -592
3385 -564
3386 -388
3387 -436
3388 -388
3389 -612
3390 -524
3391 -572
3392 -884
3393 -476
3394 -452
3395 -616
3396 -368
3397 -304
3398 -256
3399 -540
3400 -712
3401 -744
3402 -576
3403 -372
3404 -432
3405 -244
3406 -356
3407 -420
3408 -564
3409 -468
3410 -244
3411 -588
3412 -592
3413 -176
3414 -564
3415 -388
3416 -260
3417 -696
3418 -584
3419 -680
3420 -544
3421 -228
3422 -572
3423 -560
3424 -460
3425 -608
3426 -444
3427 -484
3428 -476
3429 -308
3430 -532
3431 -408
3432 -564
3433 -280
3434 -424
3435 -700
3436 -536
3437 -764
3438 -628
3439 -812
3440 -380
3441 -764
3442 -700
3443 -632
3444 -528
3445 -388
3446 -368
3447 -352
3448 -516
3449 -596
3450 -516
3451 -568
3452 -480
3453 -520
3454 -720
3455 -736
3456 -656
3457 -420
3458 -660
3459 -576
3460 -472
3461 -616
3462 -672
3463 -420
3464 -484
3465 -608
3466 -628
3467 -424
3468 -404
3469 -680
3470 -600
3471 -404
3472 -304
3473 -532
3474 -472
3475 -548
3476 -472
3477 -368
3478 -320
3479 -756
3480 -260
3481 -740
3482 -824
3483 -476
3484 -572
3485 -720
3486 -600
3487 -356
3488 -548
3489 -324
3490 -268
3491 -720
3492 -472
3493 -472
3494 -660
3495 -400
3496 -568
3497 -404
3498 -564
3499 -272
3500 -408
3501 -492
3502 -592
3503 -500
3504 -568
3505 -656
3506 -592
3507 -632
3508 -576
3509 -588
3510 -392
3511 -516
3512 -508
3513 -644
3514 -256
3515 -356
3516 -660
3517 -292
3518 -784
3519 -680
3520 -252
3521 -360
3522 -236
3523 -508
3524 -404
3525 -664
3526 -612
3527 -896
3528 -432
3529 -388
3530 -460
3531 -460
3532 -376
3533 -452
3534 -424
3535 -512
3536 -520
3537 -376
3538 -336
3539 -692
3540 -664
3541 -224
3542 -576
3543 -580
3544 -464
3545 -372
3546 -396
3547 -348
3548 -376
3549 -280
3550 -356
3551 -648
3552 -564
3553 -844
3554 -708
3555 -716
3556 -672
3557 -548
3558 -424
3559 -776
3560 -636
3561 -560
3562 -672
3563 -516
3564 -644
3565 -512
3566 -448
3567 -616
3568 -324
3569 -620
3570 -604
3571 -220
3572 -464
3573 -420
3574 -400
3575 -696
3576 -368
3577 -544
3578 -572
3579 -412
3580 -392
3581 -500
3582 -684
3583 -452
3584 -384
3585 -672
3586 -436
3587 -684
3588 -748
3589 -604
3590 -400
3591 -660
3592 -720
3593 -528
3594 -300
3595 -556
3596 -672
3597 -532
3598 -536
3599 -568
3600 -388
3601 -456
3602 -328
3603 -100
3604 -696
3605 -600
3606 -284
3607 -600
3608 -456
3609 -416
3610 -716
3611 -628
3612 -508
3613 -740
3614 -800
3615 -644
3616 -752
3617 -684
3618 -516
3619 -508
3620 -656
3621 -712
3622 -248
3623 -596
3624 -708
3625 -832
3626 -480
3627 -528
3628 -684
3629 -348
3630 -288
3631 -548
3632 -632
3633 -416
3634 -632
3635 -664
3636 -524
3637 -628
3638 -812
3639 -836
3640 -448
3641 -664
3642 -532
3643 -584
3644 -336
3645 -420
3646 -444
3647 -456
3648 -520
3649 -492
3650 -804
3651 -216
3652 -532
3653 -408
3654 -468
3655 -276
3656 -596
3657 -860
3658 -568
3659 -680
3660 -652
3661 -556
3662 -544
3663 -700
3664 -308
3665 -568
3666 -360
3667 -584
3668 -500
3669 -332
3670 -412
3671 -564
3672 -444
3673 -740
3674 -540
3675 -632
3676 -548
3677 -608
3678 -556
3679 -504
3680 -616
3681 -724
3682 -456
3683 -676
3684 -428
3685 -456
3686 -424
3687 -640
3688 -176
3689 -588
3690 -448
3691 -576
3692 -556
3693 -516
3694 -664
3695 -684
3696 -628
3697 -748
3698 -672
3699 -680
3700 -488
3701 -468
3702 -504
3703 -576
3704 -388
3705 -720
3706 -500
3707 -552
3708 -696
3709 -652
3710 -520
3711 -736
3712 -492
3713 -456
3714 -428
3715 -656
3716 -540
3717 -480
3718 -248
3719 -744
3720 -456
3721 -496
3722 -488
3723 -428
3724 -600
3725 -720
3726 -712
3727 -440
3728 -756
3729 -432
3730 -524
3731 -548
3732 -468
3733 -432
3734 -460
3735 -616
3736 -376
3737 -576
3738 -424
3739 -504
3740 -528
3741 -412
3742 -424
3743 -500
3744 -444
3745 -496
3746 -220
3747 -368
3748 -752
3749 -752
3750 -364
3751 -712
3752 -796
3753 -300
3754 -736
3755 -608
3756 -644
3757 -644
3758 -444
3759 -444
3760 -668
3761 -540
3762 -620
3763 -524
3764 -832
3765 -480
3766 -368
3767 -528
3768 -660
3769 -648
3770 -596
3771 -432
3772 -456
3773 -560
3774 -556
3775 -468
3776 -504
3777 -300
3778 -412
3779 -692
3780 -488
3781 -424
3782 -724
3783 -564
3784 -608
3785 -632
3786 -580
3787 -500
3788 -732
3789 -588
3790 -732
3791 -620
3792 -380
3793 -404
3794 -364
3795 -916
3796 -464
3797 -732
3798 -396
3799 -632
3800 -432
3801 -268
3802 -440
3803 -616
3804 -420
3805 -676
3806 -324
3807 -724
3808 -684
3809 -348
3810 -436
3811 -324
3812 -480
3813 -332
3814 -300
3815 -332
3816 -472
3817 -624
3818 -372
3819 -428
3820 -556
3821 -860
3822 -536
3823 -632
3824 -668
3825 -268
3826 -512
3827 -712
3828 -540
3829 -556
3830 -560
3831 -496
3832 -276
3833 -564
3834 -348
3835 -628
3836 -200
3837 -156
3838 -700
3839 -608
3840 -324
3841 -616
3842 -580
3843 -436
3844 -192
3845 -236
3846 -452
3847 -500
3848 -776
3849 -544
3850 -620
3851 -588
3852 -884
3853 -504
3854 -336
3855 -712
3856 -596
3857 -480
3858 -604
3859 -500
3860 -728
3861 -432
3862 -616
3863 -436
3864 -320
3865 -624
3866 -624
3867 -844
3868 -656
3869 -536
3870 -648
3871 -476
3872 -552
3873 -628
3874 -484
3875 -208
3876 -584
3877 -568
3878 -472
3879 -488
3880 -524
3881 -448
3882 -844
3883 -484
3884 -380
3885 -228
3886 -708
3887 -532
3888 -400
3889 -460
3890 -344
3891 -420
3892 -656
3893 -536
3894 -328
3895 -596
3896 -484
3897 -648
3898 -832
3899 -548
3900 -524
3901 -844
3902 -436
3903 -444
3904 -436
3905 -412
3906 -396
3907 -652
3908 -540
3909 -680
3910 -628
3911 -420
3912 -496
3913 -420
3914 -424
3915 -528
3916 -428
3917 -324
3918 -572
3919 -496
3920 -312
3921 -484
3922 -496
3923 -528
3924 -428
3925 -568
3926 -680
3927 -404
3928 -1044
3929 -624
3930 -712
3931 -708
3932 -524
3933 -484
3934 -636
3935 -448
3936 -492
3937 -296
3938 -360
3939 -524
3940 -392
3941 -520
3942 -452
3943 -608
3944 -616
3945 -464
3946 -444
3947 -452
3948 -292
3949 -512
3950 -692
3951 -620
3952 -496
3953 -352
3954 -564
3955 -456
3956 -504
3957 -668
3958 -688
3959 -572
3960 -504
3961 -572
3962 -428
3963 -456
3964 -500
3965 -580
3966 -748
3967 -588
3968 -624
3969 -364
3970 -508
3971 -508
3972 -560
3973 -716
3974 -444
3975 -348
3976 -416
3977 -424
3978 -384
3979 -416
3980 -164
3981 -600
3982 -732
3983 -452
3984 -584
3985 -488
3986 -272
3987 -632
3988 -644
3989 -444
3990 -268
3991 -416
3992 -516
3993 -344
3994 -600
3995 -532
3996 -460
3997 -524
3998 -560
3999 -324
4000 -420
4001 -496
4002 -492
4003 -564
4004 -428
4005 -508
4006 -348
4007 -684
4008 -492
4009 -552
4010 -652
4011 -536
4012 -568
4013 -536
4014 -364
4015 -592
4016 -612
4017 -560
4018 -520
4019 -696
4020 -408
4021 -788
4022 -292
4023 -536
4024 -956
4025 -588
4026 -516
4027 -432
4028 -580
4029 -616
4030 -536
4031 -408
4032 -528
4033 -236
4034 -460
4035 -460
4036 -488
4037 -824
4038 -364
4039 -568
4040 -252
4041 -276
4042 -520
4043 -640
4044 -652
4045 -604
4046 -664
4047 -384
4048 -348
4049 -696
4050 -684
4051 -712
4052 -588
4053 -720
4054 -460
4055 -428
4056 -372
4057 -604
4058 -244
4059 -444
4060 -324
4061 -232
4062 -516
4063 -596
4064 -520
4065 -628
4066 -436
4067 -448
4068 -556
4069 -376
4070 -664
4071 -480
4072 -304
4073 -520
4074 -696
4075 -208
4076 -700
4077 -432
4078 -356
4079 -540
4080 -520
4081 -516
4082 -476
4083 -228
4084 -596
4085 -420
4086 -652
4087 -500
4088 -544
4089 -712
4090 -492
4091 -664
4092 -340
4093 -424
4094 -560
4095 -652
4096 -676
4097 -728
4098 -808
4099 -512
4100 -356
4101 -380
4102 -188
4103 -188
4104 -300
4105 -332
4106 -464
4107 -320
4108 -440
4109 -948
4110 -608
4111 -436
4112 -552
4113 -572
4114 -344
4115 -320
4116 -440
4117 -732
4118 -672
4119 -476
4120 -620
4121 -636
4122 -316
4123 -496
4124 -612
4125 -396
4126 -548
4127 -544
4128 -436
4129 -440
4130 -508
4131 -436
4132 -220
4133 -400
4134 -476
4135 -404
4136 -304
4137 -424
4138 -216
4139 -608
4140 -392
4141 -248
4142 -360
4143 -344
4144 -664
4145 -804
4146 -380
4147 -848
4148 -456
4149 -568
4150 -688
4151 -256
4152 -552
4153 -448
4154 -656
4155 -452
4156 -644
4157 -424
4158 -564
4159 -400
4160 -668
4161 -468
4162 -556
4163 -372
4164 -616
4165 -336
4166 -492
4167 -320
4168 -596
4169 -500
4170 -384
4171 -480
4172 -452
4173 -352
4174 -384
4175 -340
4176 -440
4177 -868
4178 -764
4179 -500
4180 -456
4181 -304
4182 -640
4183 -268
4184 -704
4185 -500
4186 -416
4187 -272
4188 -492
4189 -568
4190 -468
4191 -840
4192 -520
4193 -740
4194 -504
4195 -744
4196 -500
4197 -636
4198 -416
4199 -328
4200 -556
4201 -312
4202 -648
4203 -664
4204 -572
4205 -728
4206 -260
4207 -600
4208 -412
4209 -324
4210 -524
4211 -736
4212 -448
4213 -360
4214 -432
4215 -332
4216 -532
4217 -612
4218 -416
4219 -652
4220 -612
4221 -524
4222 -516
4223 -784
4224 -624
4225 -672
4226 -568
4227 -704
4228 -580
4229 -520
4230 -492
4231 -500
4232 -320
4233 -444
4234 -428
4235 -360
4236 -460
4237 -576
4238 -688
4239 -544
4240 -624
4241 -568
4242 -604
4243 -556
4244 -728
4245 -440
4246 -684
4247 -492
4248 -376
4249 -464
4250 -456
4251 -536
4252 -684
4253 -660
4254 -196
4255 -836
4256 -364
4257 -344
4258 -548
4259 -524
4260 -628
4261 -532
4262 -384
4263 -396
4264 -656
4265 -456
4266 -588
4267 -424
4268 -508
4269 -452
4270 -436
4271 -488
4272 -476
4273 -636
4274 -360
4275 -480
4276 -144
4277 -648
4278 -640
4279 -436
4280 -552
4281 -372
4282 -532
4283 -404
4284 -660
4285 -488
4286 -600
4287 -392
4288 -432
4289 -548
4290 -560
4291 -344
4292 -644
4293 -772
4294 -652
4295 -628
4296 -592
4297 -608
4298 -144
4299 -552
4300 -564
4301 -452
4302 -572
4303 -696
4304 -636
4305 -704
4306 -456
4307 -288
4308 -360
4309 -692
4310 -448
4311 -676
4312 -280
4313 -684
4314 -444
4315 -600
4316 -536
4317 -712
4318 -480
4319 -764
4320 -580
4321 -268
4322 -564
4323 -648
4324 -520
4325 -652
4326 -416
4327 -700
4328 -320
4329 -356
4330 -468
4331 -264
4332 -656
4333 -528
4334 -560
4335 -600
4336 -480
4337 -728
4338 -556
4339 -540
4340 -492
4341 -504
4342 -636
4343 -680
4344 -224
4345 -464
4346 -524
4347 -544
4348 -588
4349 -624
4350 -316
4351 -768
4352 -236
4353 -288
4354 -580
4355 -556
4356 -604
4357 -632
4358 -724
4359 -680
4360 -592
4361 -508
4362 -492
4363 -608
4364 -676
4365 -400
4366 -576
4367 -496
4368 -432
4369 -616
4370 -648
4371 -596
4372 -816
4373 -588
4374 -180
4375 -144
4376 -268
4377 -804
4378 -504
4379 -480
4380 -572
4381 -528
4382 -440
4383 -448
4384 -500
4385 -532
4386 -536
4387 -632
4388 -556
4389 -340
4390 -684
4391 -564
4392 -468
4393 -548
4394 -532
4395 -740
4396 -556
4397 -548
4398 -552
4399 -488
4400 -656
4401 -380
4402 -632
4403 -356
4404 -320
4405 -296
4406 -528
4407 -436
4408 -508
4409 -744
4410 -568
4411 -480
4412 -564
4413 -452
4414 -364
4415 -380
4416 -476
4417 -560
4418 -492
4419 -484
4420 -612
4421 -648
4422 -544
4423 -560
4424 -560
4425 -436
4426 -432
4427 -136
4428 -604
4429 -396
4430 -596
4431 -892
4432 -548
4433 -416
4434 -476
4435 -380
4436 -256
4437 -656
4438 -364
4439 -576
4440 -588
4441 -652
4442 -900
4443 -452
4444 -832
4445 -196
4446 -260
4447 -512
4448 -520
4449 -528
4450 -640
4451 -720
4452 -468
4453 -480
4454 -656
4455 -620
4456 -692
4457 -536
4458 -568
4459 -636
4460 -448
4461 -336
4462 -204
4463 -600
4464 -392
4465 -476
4466 -444
4467 -444
4468 -680
4469 -392
4470 -440
4471 -504
4472 -576
4473 -240
4474 -252
4475 -500
4476 -232
4477 -640
4478 -520
4479 -696
4480 -560
4481 -452
4482 -540
4483 -580
4484 -716
4485 -824
4486 -416
4487 -444
4488 -320
4489 -464
4490 -424
4491 -492
4492 -364
4493 -344
4494 -520
4495 -300
4496 -444
4497 -336
4498 -404
4499 -504
4500 -472
4501 -452
4502 -480
4503 -364
4504 -608
4505 -444
4506 -304
4507 -340
4508 -472
4509 -212
4510 -280
4511 -128
4512 -364
4513 -388
4514 -416
4515 -444
4516 -436
4517 -636
4518 -660
4519 -528
4520 -396
4521 -312
4522 -596
4523 -432
4524 -624
4525 -488
4526 -384
4527 -464
4528 -316
4529 -608
4530 -564
4531 -460
4532 -648
4533 -824
4534 -592
4535 -668
4536 -320
4537 -644
4538 -440
4539 -532
4540 -340
4541 -744
4542 -612
4543 -288
4544 -652
4545 -360
4546 -316
4547 -232
4548 -352
4549 -524
4550 -680
4551 -304
4552 -312
4553 -184
4554 -400
4555 -404
4556 -184
4557 -764
4558 -492
4559 -552
4560 -368
4561 -556
4562 -468
4563 -516
4564 -332
4565 -352
4566 -508
4567 -516
4568 -380
4569 -496
4570 -764
4571 -596
4572 -252
4573 -336
4574 -480
4575 -556
4576 -564
4577 -440
4578 -428
4579 -716
4580 -568
4581 -636
4582 -372
4583 -584
4584 -640
4585 -892
4586 -756
4587 -652
4588 -508
4589 -700
4590 -660
4591 -496
4592 -524
4593 -684
4594 -708
4595 -504
4596 -696
4597 -568
4598 -100
4599 -492
4600 -404
4601 -296
4602 -264
4603 -664
4604 -468
4605 -636
4606 -416
4607 -284
4608 -480
4609 -500
4610 -692
4611 -648
4612 -380
4613 -368
4614 -536
4615 -348
4616 -536
4617 -208
4618 -412
4619 -340
4620 -720
4621 -448
4622 -556
4623 -732
4624 -848
4625 -268
4626 -512
4627 -400
4628 -392
4629 -336
4630 -200
4631 -580
4632 -600
4633 -836
4634 -596
4635 -416
4636 -552
4637 -536
4638 -476
4639 -572
4640 -580
4641 -848
4642 -424
4643 -636
4644 -552
4645 -660
4646 -296
4647 -164
4648 -536
4649 -464
4650 -708
4651 -556
4652 -500
4653 -596
4654 -300
4655 -344
4656 -796
4657 -192
4658 -232
4659 -672
4660 -516
4661 -780
4662 -692
4663 -688
4664 -308
4665 -312
4666 -348
4667 -404
4668 -808
4669 -708
4670 -672
4671 -224
4672 -448
4673 -452
4674 -340
4675 -276
4676 -524
4677 -480
4678 -568
4679 -604
4680 -676
4681 -396
4682 -488
4683 -704
4684 -304
4685 -232
4686 -556
4687 -372
4688 -596
4689 -568
4690 -552
4691 -628
4692 -304
4693 -560
4694 -240
4695 -468
4696 -456
4697 -548
4698 -320
4699 -352
4700 -564
4701 -540
4702 -648
4703 -660
4704 -628
4705 -480
4706 -336
4707 -400
4708 -664
4709 -716
4710 -592
4711 -436
4712 -508
4713 -468
4714 -464
4715 -560
4716 -480
4717 -572
4718 -428
4719 -592
4720 -620
4721 -636
4722 -492
4723 -752
4724 -512
4725 -568
4726 -180
4727 -524
4728 -524
4729 -352
4730 -436
4731 -376
4732 -652
4733 -436
4734 -352
4735 -496
4736 -524
4737 -648
4738 -504
4739 -716
4740 -608
4741 -684
4742 -540
4743 -524
4744 -592
4745 -524
4746 -728
4747 -416
4748 -436
4749 -764
4750 -636
4751 -792
4752 -416
4753 -336
4754 -568
4755 -336
4756 -564
4757 -448
4758 -520
4759 -492
4760 -776
4761 -360
4762 -392
4763 -360
4764 -248
4765 -320
4766 -432
4767 -276
4768 -592
4769 -460
4770 -576
4771 -452
4772 -472
4773 -712
4774 -424
4775 -596
4776 -192
4777 -264
4778 -672
4779 -516
4780 -388
4781 -508
4782 -500
4783 -172
4784 -464
4785 -608
4786 -560
4787 -532
4788 -616
4789 -664
4790 -260
4791 -676
4792 -288
4793 -448
4794 -408
4795 -528
4796 -660
4797 -480
4798 -520
4799 -504
4800 -660
4801 -816
4802 -280
4803 -356
4804 -572
4805 -652
4806 -516
4807 -308
4808 -496
4809 -428
4810 -528
4811 -400
4812 -540
4813 -528
4814 -440
4815 -472
4816 -612
4817 -196
4818 -660
4819 -512
4820 -484
4821 -520
4822 -568
4823 -448
4824 -752
4825 -272
4826 -540
4827 -464
4828 -564
4829 -316
4830 -544
4831 -624
4832 -232
4833 -488
4834 -352
4835 -756
4836 -352
4837 -636
4838 -520
4839 -452
4840 -428
4841 -408
4842 -296
4843 -472
4844 -680
4845 -656
4846 -196
4847 -372
4848 -376
4849 -64
4850 -544
4851 -284
4852 -748
4853 -720
4854 -364
4855 -716
4856 -852
4857 -380
4858 -604
4859 -416
4860 -324
4861 -232
4862 -484
4863 -600
4864 -500
4865 -340
4866 -444
4867 -636
4868 -580
4869 -336
4870 -688
4871 -588
4872 -620
4873 -704
4874 -356
4875 -664
4876 -468
4877 -776
4878 -584
4879 -412
4880 -712
4881 -728
4882 -700
4883 -508
4884 -540
4885 -840
4886 -404
4887 -680
4888 -376
4889 -380
4890 -536
4891 -700
4892 -224
4893 -592
4894 -588
4895 -816
4896 -412
4897 -540
4898 -412
4899 -552
4900 -544
4901 -636
4902 -380
4903 -356
4904 -484
4905 -560
4906 -432
4907 -392
4908 -580
4909 -688
4910 -672
4911 -900
4912 -620
4913 -472
4914 -500
4915 -436
4916 -500
4917 -464
4918 -380
4919 -556
4920 -312
4921 -668
4922 -216
4923 -520
4924 -552
4925 -512
4926 -556
4927 -728
4928 -700
4929 -596
4930 -612
4931 -560
4932 -232
4933 -536
4934 -512
4935 -648
4936 -472
4937 -528
4938 -268
4939 -428
4940 -556
4941 -888
4942 -724
4943 -316
4944 -520
4945 -400
4946 -276
4947 -768
4948 -640
4949 -432
4950 -616
4951 -320
4952 -436
4953 -472
4954 -536
4955 -440
4956 -520
4957 -396
4958 -456
4959 -448
4960 -424
4961 -640
4962 -604
4963 -636
4964 -576
4965 -384
4966 -516
4967 -552
4968 -580
4969 -512
4970 -544
4971 -660
4972 -168
4973 -596
4974 -696
4975 -784
4976 -916
4977 -428
4978 -528
4979 -424
4980 -568
4981 -304
4982 -700
4983 -468
4984 -340
4985 -496
4986 -480
4987 -544
4988 -476
4989 -544
4990 -652
4991 -452
4992 -508
4993 -472
4994 -276
4995 -604
4996 -584
4997 -848
4998 -288
4999 -580
5000 -528
5001 -640
5002 -348
5003 -452
5004 -928
5005 -632
5006 -508
5007 -792
5008 -404
5009 -636
5010 -376
5011 -424
5012 -244
5013 -744
5014 -252
5015 -292
5016 -488
5017 -504
5018 -576
5019 -576
5020 -720
5021 -496
5022 -252
5023 -708
5024 -472
5025 -528
5026 -408
5027 -24
5028 -444
5029 -396
5030 -432
5031 -484
5032 -532
5033 -412
5034 -760
5035 -572
5036 -692
5037 -160
5038 -516
5039 -580
5040 -756
5041 -640
5042 -456
5043 -340
5044 -332
5045 -264
5046 -452
5047 -564
5048 -644
5049 -572
5050 -676
5051 -548
5052 -392
5053 -336
5054 -320
5055 -496
5056 -436
5057 -524
5058 -520
5059 -448
5060 -508
5061 -324
5062 -344
5063 -288
5064 -456
5065 -508
5066 -252
5067 -492
5068 -440
5069 -408
5070 -396
5071 -564
5072 -300
5073 -372
5074 -516
5075 -604
5076 -444
5077 -248
5078 -336
5079 -644
5080 -424
5081 -484
5082 -448
5083 -300
5084 -584
5085 -548
5086 -496
5087 -516
5088 -560
5089 -452
5090 -640
5091 -468
5092 -508
5093 -432
5094 -348
5095 -284
5096 -424
5097 -804
5098 -392
5099 -632
5100 -844
5101 -208
5102 -388
5103 -600
5104 -404
5105 -900
5106 -568
5107 -572
5108 -384
5109 -636
5110 -500
5111 -564
5112 -524
5113 -500
5114 -472
5115 -304
5116 -496
5117 -400
5118 -536
5119 -500
5120 -480
5121 -424
5122 -392
5123 -752
5124 -644
5125 -400
5126 -508
5127 -392
5128 -608
5129 -676
5130 -500
5131 -296
5132 -372
5133 -736
5134 -480
5135 -368
5136 -128
5137 -444
5138 -372
5139 -756
5140 -576
5141 -220
5142 -652
5143 -540
5144 -452
5145 -540
5146 -472
5147 -516
5148 -720
5149 -428
5150 -312
5151 -520
5152 -320
5153 -844
5154 -596
5155 -432
5156 -352
5157 -716
5158 -476
5159 -520
5160 -484
5161 -348
5162 -512
5163 -240
5164 -496
5165 -324
5166 -576
5167 -616
5168 -408
5169 -468
5170 -552
5171 -580
5172 -468
5173 -544
5174 -480
5175 -836
5176 -432
5177 -556
5178 -856
5179 -564
5180 -740
5181 -440
5182 -584
5183 -644
5184 -404
5185 -316
5186 -352
5187 -700
5188 -532
5189 -660
5190 -560
5191 -484
5192 -340
5193 -600
5194 -596
5195 -636
5196 -408
5197 -444
5198 -336
5199 -712
5200 -292
5201 -476
5202 -564
5203 -644
5204 -528
5205 -156
5206 -572
5207 -548
5208 -484
5209 -384
5210 -532
5211 -652
5212 -728
5213 -732
5214 -540
5215 -684
5216 -424
5217 -536
5218 -640
5219 -512
5220 -696
5221 -340
5222 -472
5223 -460
5224 -552
5225 -564
5226 -816
5227 -592
5228 -400
5229 -728
5230 -476
5231 -468
5232 -516
5233 -504
5234 -580
5235 -496
5236 -536
5237 -352
5238 -368
5239 -556
5240 -424
5241 -564
5242 -660
5243 -592
5244 -472
5245 -316
5246 -600
5247 -404
5248 -412
5249 -560
5250 -240
5251 -564
5252 -628
5253 -532
5254 -420
5255 -536
5256 -716
5257 -440
5258 -620
5259 -264
5260 -236
5261 -336
5262 -672
5263 -604
5264 -608
5265 -428
5266 -656
5267 -572
5268 -520
5269 -788
5270 -504
5271 -504
5272 -196
5273 -268
5274 -432
5275 -696
5276 -420
5277 -536
5278 -588
5279 -428
5280 -244
5281 -408
5282 -500
5283 -484
5284 -664
5285 -448
5286 -488
5287 -896
5288 -560
5289 -588
5290 -708
5291 -428
5292 -140
5293 -312
5294 -380
5295 -504
5296 -412
5297 -600
5298 -460
5299 -448
5300 -716
5301 -760
5302 -412
5303 -648
5304 -432
5305 -500
5306 -668
5307 -584
5308 -696
5309 -316
5310 -1016
5311 -384
5312 -316
5313 -476
5314 -556
5315 -356
5316 -376
5317 -324
5318 -316
5319 -720
5320 -496
5321 -556
5322 -488
5323 -628
5324 -496
5325 -184
5326 -520
5327 -404
5328 -676
5329 -448
5330 -552
5331 -608
5332 -500
5333 -824
5334 -536
5335 -584
5336 -688
5337 -360
5338 -672
5339 -460
5340 -532
5341 -604
5342 -656
5343 -320
5344 -320
5345 -548
5346 -380
5347 -500
5348 -368
5349 -452
5350 -552
5351 -284
5352 -524
5353 -524
5354 -280
5355 -320
5356 -600
5357 -364
5358 -620
5359 -572
5360 -336
5361 -716
5362 -664
5363 -368
5364 -568
5365 -684
5366 -572
5367 -204
5368 -624
5369 -548
5370 -360
5371 -352
5372 -452
5373 -372
5374 -548
5375 -560
5376 -388
5377 -168
5378 -416
5379 -460
5380 -664
5381 -820
5382 -536
5383 -392
5384 -516
5385 -592
5386 -616
5387 -516
5388 -648
5389 -568
5390 -724
5391 -552
5392 -440
5393 -468
5394 -520
5395 -444
5396 -392
5397 -720
5398 -484
5399 -472
5400 -352
5401 -444
5402 -524
5403 -240
5404 -684
5405 -440
5406 -372
5407 -488
5408 -492
5409 -1000
5410 -292
5411 -588
5412 -784
5413 -660
5414 -648
5415 -484
5416 -492
5417 -484
5418 -524
5419 -424
5420 -668
5421 -512
5422 -648
5423 -616
5424 -644
5425 -468
5426 -504
5427 -380
5428 -564
5429 -452
5430 -472
5431 -484
5432 -576
5433 -572
5434 -552
5435 -420
5436 -576
5437 -476
5438 -668
5439 -452
5440 -640
5441 -284
5442 -532
5443 -592
5444 -456
5445 -564
5446 -456
5447 -652
5448 -480
5449 -552
5450 -460
5451 -580
5452 -300
5453 0
5454 -264
5455 -544
5456 -576
5457 -288
5458 -544
5459 -516
5460 -648
5461 -404
5462 -492
5463 -244
5464 -900
5465 -520
5466 -576
5467 -540
5468 -516
5469 -492
5470 -844
5471 -744
5472 -648
5473 -568
5474 -428
5475 -644
5476 -472
5477 -364
5478 -448
5479 -456
5480 -636
5481 -264
5482 -476
5483 -588
5484 -500
5485 -584
5486 -616
5487 -628
5488 -560
5489 -368
5490 -328
5491 -544
5492 -692
5493 -324
5494 -452
5495 -528
5496 -688
5497 -660
5498 -432
5499 -540
5500 -536
5501 -568
5502 -492
5503 -608
5504 -392
5505 -400
5506 -572
5507 -412
5508 -412
5509 -316
5510 -344
5511 -444
5512 -508
5513 -576
5514 -448
5515 -448
5516 -364
5517 -732
5518 -652
5519 -560
5520 -484
5521 -620
5522 -372
5523 -612
5524 -296
5525 -392
5526 -584
5527 -604
5528 -616
5529 -644
5530 -600
5531 -336
5532 -480
5533 -600
5534 -476
5535 -456
5536 -444
5537 -472
5538 -392
5539 -748
5540 -428
5541 -432
5542 -456
5543 -584
5544 -392
5545 -420
5546 -360
5547 -464
5548 -636
5549 -552
5550 -632
5551 -760
5552 -424
5553 -472
5554 -756
5555 -612
5556 -576
5557 -688
5558 -520
5559 -444
5560 -468
5561 -636
5562 -460
5563 -584
5564 -320
5565 -448
5566 -192
5567 -164
5568 -612
5569 -196
5570 -132
5571 -700
5572 -592
5573 -524
5574 -644
5575 -372
5576 -452
5577 -548
5578 -616
5579 -736
5580 -628
5581 -720
5582 -432
5583 -572
5584 -600
5585 -436
5586 -468
5587 -548
5588 -480
5589 -524
5590 -428
5591 -728
5592 -532
5593 -668
5594 -716
5595 -480
5596 -360
5597 -604
5598 -456
5599 -464
5600 -716
5601 -580
5602 -460
5603 -452
5604 -476
5605 -536
5606 -392
5607 -320
5608 -520
5609 -332
5610 -388
5611 -492
5612 -604
5613 -564
5614 -548
5615 -760
5616 -792
5617 -340
5618 -580
5619 -460
5620 -372
5621 -732
5622 -476
5623 -568
5624 -464
5625 -492
5626 -684
5627 -656
5628 -740
5629 -468
5630 -388
5631 -448
5632 -496
5633 -648
5634 -556
5635 -644
5636 -520
5637 -588
5638 -836
5639 -540
5640 -516
5641 -436
5642 -608
5643 -672
5644 -660
5645 -580
5646 -388
5647 -380
5648 -768
5649 -596
5650 -204
5651 -388
5652 -340
5653 -276
5654 -844
5655 -408
5656 -420
5657 -552
5658 -656
5659 -336
5660 -424
5661 -460
5662 -368
5663 -596
5664 -668
5665 -604
5666 -368
5667 -540
5668 -380
5669 -472
5670 -460
5671 -272
5672 -516
5673 -804
5674 -544
5675 -512
5676 -620
5677 -488
5678 -696
5679 -304
5680 -752
5681 -460
5682 -520
5683 -588
5684 -816
5685 -416
5686 -472
5687 -752
5688 -712
5689 -312
5690 -316
5691 -352
5692 -336
5693 -468
5694 -576
5695 -656
5696 -500
5697 -736
5698 -492
5699 -468
5700 -584
5701 -552
5702 -608
5703 -472
5704 -428
5705 -600
5706 -492
5707 -500
5708 -676
5709 -352
5710 -652
5711 -648
5712 -636
5713 -352
5714 -596
5715 -608
5716 -400
5717 -448
5718 -380
5719 -456
5720 -564
5721 -524
5722 -508
5723 -508
5724 -320
5725 -356
5726 -496
5727 -308
5728 -656
5729 -904
5730 -376
5731 -476
5732 -440
5733 -552
5734 -516
5735 -532
5736 -340
5737 -428
5738 -556
5739 -520
5740 -464
5741 -240
5742 -324
5743 -356
5744 -340
5745 -436
5746 -640
5747 -572
5748 -416
5749 -312
5750 -476
5751 -592
5752 -480
5753 -552
5754 -652
5755 -484
5756 -464
5757 -496
5758 -404
5759 -416
5760 -552
5761 -476
5762 -404
5763 -532
5764 -380
5765 -616
5766 -260
5767 -560
5768 -608
5769 -288
5770 -596
5771 -376
5772 -316
5773 -688
5774 -460
5775 -232
5776 -608
5777 -656
5778 -784
5779 -432
5780 -524
5781 -644
5782 -636
5783 -596
5784 -624
5785 -380
5786 -664
5787 -320
5788 -720
5789 -516
5790 -372
5791 -656
5792 -376
5793 -484
5794 -472
5795 -300
5796 -548
5797 -584
5798 -560
5799 -380
5800 -700
5801 -532
5802 -420
5803 -536
5804 -692
5805 -396
5806 -392
5807 -492
5808 -400
5809 -560
5810 -492
5811 -620
5812 -396
5813 -304
5814 -504
5815 -256
5816 -672
5817 -364
5818 -624
5819 -748
5820 -716
5821 -460
5822 -748
5823 -672
5824 -388
5825 -572
5826 -592
5827 -484
5828 -616
5829 -640
5830 -504
5831 -548
5832 -560
5833 -840
5834 -464
5835 -744
5836 -604
5837 -460
5838 -520
5839 -640
5840 -344
5841 -676
5842 -456
5843 -612
5844 -496
5845 -308
5846 -520
5847 -516
5848 -200
5849 -720
5850 -544
5851 -560
5852 -552
5853 -404
5854 -624
5855 -388
5856 -400
5857 -348
5858 -848
5859 -572
5860 -408
5861 -300
5862 -560
5863 -388
5864 -536
5865 -620
5866 -360
5867 -652
5868 -584
5869 -324
5870 -656
5871 -528
5872 -708
5873 -352
5874 -500
5875 -364
5876 -404
5877 -432
5878 -568
5879 -616
5880 -624
5881 -424
5882 -512
5883 -280
5884 -176
5885 -704
5886 -528
5887 -780
5888 -560
5889 -524
5890 -344
5891 -376
5892 -492
5893 -488
5894 -424
5895 -632
5896 -636
5897 -760
5898 -508
5899 -396
5900 -580
5901 -660
5902 -616
5903 -700
5904 -716
5905 -536
5906 -760
5907 -300
5908 -724
5909 -404
5910 -516
5911 -428
5912 -576
5913 -668
5914 -160
5915 -688
5916 -504
5917 -640
5918 -560
5919 -512
5920 -408
5921 -376
5922 -528
5923 -288
5924 -416
5925 -404
5926 -460
5927 -824
5928 -368
5929 -200
5930 -608
5931 -524
5932 -292
5933 -592
5934 -488
5935 -768
5936 -760
5937 -452
5938 -440
5939 -452
5940 -588
5941 -520
5942 -656
5943 -692
5944 -564
5945 -524
5946 -472
5947 -576
5948 -628
5949 -264
5950 -368
5951 -612
5952 -508
5953 -368
5954 -412
5955 -408
5956 -544
5957 -628
5958 -216
5959 -580
5960 -592
5961 -768
5962 -372
5963 -648
5964 -684
5965 -444
5966 -352
5967 -400
5968 -596
5969 -492
5970 -808
5971 -208
5972 -376
5973 -560
5974 -388
5975 -816
5976 -304
5977 -624
5978 -712
5979 -632
5980 -660
5981 -568
5982 -444
5983 -584
5984 -736
5985 -284
5986 -432
5987 -580
5988 -396
5989 -476
5990 -728
5991 -428
5992 -300
5993 -404
5994 -596
5995 -424
5996 -576
5997 -576
5998 -456
5999 -412
6000 -428
6001 -440
6002 -404
6003 -436
6004 -460
6005 -700
6006 -484
6007 -704
6008 -400
6009 -436
6010 -532
6011 -744
6012 -572
6013 -368
6014 -176
6015 -668
6016 -364
6017 -604
6018 -376
6019 -572
6020 -228
6021 -580
6022 -472
6023 -412
6024 -636
6025 -124
6026 -508
6027 -524
6028 -328
6029 -672
6030 -572
6031 -580
6032 -612
6033 -664
6034 -400
6035 -308
6036 -232
6037 -732
6038 -284
6039 -336
6040 -568
6041 -456
6042 -396
6043 -468
6044 -460
6045 -444
6046 -508
6047 -316
6048 -544
6049 -480
6050 -520
6051 -108
6052 -376
6053 -388
6054 -352
6055 -620
6056 -508
6057 -668
6058 -504
6059 -432
6060 -416
6061 -592
6062 -412
6063 -512
6064 -408
6065 -264
6066 -504
6067 -540
6068 -272
6069 -712
6070 -340
6071 -656
6072 -404
6073 -280
6074 -688
6075 -616
6076 -532
6077 -736
6078 -428
6079 -544
6080 -464
6081 -304
6082 -520
6083 -632
6084 -668
6085 -656
6086 -740
6087 -536
6088 -472
6089 -632
6090 -532
6091 -324
6092 -444
6093 -492
6094 -452
6095 -372
6096 -564
6097 -360
6098 -816
6099 -616
6100 -344
6101 -444
6102 -936
6103 -448
6104 -648
6105 -456
6106 -248
6107 -520
6108 -264
6109 -436
6110 -584
6111 -468
6112 -408
6113 -316
6114 -604
6115 -512
6116 -620
6117 -596
6118 -400
6119 -624
6120 -592
6121 -360
6122 -476
6123 -572
6124 -728
6125 -620
6126 -604
6127 -592
6128 -512
6129 -428
6130 -336
6131 -596
6132 -524
6133 -512
6134 -648
6135 -464
6136 -704
6137 -624
6138 -512
6139 -484
6140 -408
6141 -612
6142 -460
6143 -232
6144 -532
6145 -304
6146 -436
6147 -608
6148 -632
6149 -676
6150 -528
6151 -208
6152 -528
6153 -384
6154 -176
6155 -408
6156 -516
6157 -692
6158 -572
6159 -644
6160 -524
6161 -512
6162 -424
6163 -324
6164 -492
6165 -372
6166 -488
6167 -492
6168 -352
6169 -500
6170 -368
6171 -504
6172 -480
6173 -256
6174 -516
6175 -620
6176 -552
6177 -416
6178 -316
6179 -504
6180 -356
6181 -320
6182 -284
6183 -584
6184 -536
6185 -380
6186 -664
6187 -468
6188 -388
6189 -584
6190 -456
6191 -656
6192 -448
6193 -556
6194 -732
6195 -684
6196 -732
6197 -260
6198 -456
6199 -640
6200 -636
6201 -380
6202 -460
6203 -604
6204 -324
6205 -728
6206 -572
6207 -284
6208 -612
6209 -436
6210 -616
6211 -476
6212 -476
6213 -400
6214 -596
6215 -508
6216 -452
6217 -324
6218 -576
6219 -436
6220 -724
6221 -588
6222 -480
6223 -344
6224 -544
6225 -476
6226 -404
6227 -460
6228 -416
6229 -552
6230 -548
6231 -568
6232 -544
6233 -448
6234 -608
6235 -696
6236 -748
6237 -492
6238 -312
6239 -576
6240 -504
6241 -560
6242 -468
6243 -564
6244 -492
6245 -320
6246 -560
6247 -332
6248 -504
6249 -620
6250 -412
6251 -472
6252 -536
6253 -640
6254 -600
6255 -344
6256 -704
6257 -112
6258 -352
6259 -356
6260 -592
6261 -468
6262 -628
6263 -524
6264 -448
6265 -588
6266 -468
6267 -464
6268 -488
6269 -608
6270 -592
6271 -476
6272 -660
6273 -220
6274 -560
6275 -340
6276 -588
6277 -692
6278 -440
6279 -784
6280 -640
6281 -432
6282 -728
6283 -408
6284 -540
6285 -516
6286 -540
6287 -592
6288 -680
6289 -488
6290 -648
6291 -472
6292 -540
6293 -176
6294 -284
6295 -564
6296 -408
6297 -428
6298 -772
6299 -504
6300 -504
6301 -760
6302 -524
6303 -524
6304 -396
6305 -608
6306 -316
6307 -532
6308 -428
6309 -448
6310 -556
6311 -612
6312 -552
6313 -448
6314 -176
6315 -528
6316 -684
6317 -576
6318 -468
6319 -728
6320 -316
6321 -852
6322 -364
6323 -552
6324 -500
6325 -336
6326 -496
6327 -344
6328 -308
6329 -652
6330 -540
6331 -572
6332 -628
6333 -768
6334 -440
6335 -316
6336 -400
6337 -440
6338 -448
6339 -548
6340 -648
6341 -604
6342 -596
6343 -372
6344 -484
6345 -484
6346 -252
6347 -456
6348 -588
6349 -380
6350 -640
6351 -524
6352 -724
6353 -452
6354 -536
6355 -420
6356 -452
6357 -688
6358 -484
6359 -548
6360 -316
6361 -632
6362 -468
6363 -436
6364 -272
6365 -672
6366 -420
6367 -520
6368 -480
6369 -448
6370 -424
6371 -408
6372 -332
6373 -356
6374 -388
6375 -692
6376 -424
6377 -644
6378 -172
6379 -704
6380 -604
6381 -488
6382 -520
6383 -372
6384 -472
6385 -372
6386 -748
6387 -652
6388 -604
6389 -372
6390 -592
6391 -592
6392 -484
6393 -548
6394 -608
6395 -380
6396 -452
6397 -488
6398 -556
6399 -656
6400 -360
6401 -724
6402 -332
6403 -500
6404 -500
6405 -712
6406 -732
6407 -480
6408 -596
6409 -576
6410 -404
6411 -428
6412 -736
6413 -548
6414 -652
6415 -540
6416 -392
6417 -340
6418 -528
6419 -652
6420 -620
6421 -848
6422 -444
6423 -544
6424 -492
6425 -832
6426 -432
6427 -500
6428 -484
6429 -368
6430 -564
6431 -416
6432 -492
6433 -580
6434 -476
6435 -416
6436 -492
6437 -592
6438 -696
6439 -864
6440 -488
6441 -356
6442 -720
6443 -704
6444 -456
6445 -584
6446 -432
6447 -400
6448 -636
6449 -456
6450 -424
6451 -572
6452 -676
6453 -576
6454 -384
6455 -464
6456 -304
6457 -384
6458 -404
6459 -392
6460 -684
6461 -424
6462 -712
6463 -648
6464 -276
6465 -440
6466 -492
6467 -480
6468 -560
6469 -412
6470 -544
6471 -260
6472 -524
6473 -416
6474 -576
6475 -636
6476 -328
6477 -540
6478 -240
6479 -304
6480 -608
6481 -584
6482 -540
6483 -480
6484 -672
6485 -376
6486 -548
6487 -544
6488 -604
6489 -556
6490 -628
6491 -248
6492 -668
6493 -684
6494 -424
6495 -260
6496 -724
6497 -464
6498 -684
6499 -180
6500 -672
6501 -796
6502 -596
6503 -388
6504 -364
6505 -480
6506 -660
6507 -416
6508 -340
6509 -484
6510 -688
6511 -480
6512 -608
6513 -224
6514 -584
6515 -616
6516 -788
6517 -720
6518 -516
6519 -552
6520 -660
6521 -464
6522 -716
6523 -560
6524 -608
6525 -552
6526 -652
6527 -408
6528 -632
6529 -436
6530 -744
6531 -304
6532 -492
6533 -648
6534 -480
6535 -396
6536 -764
6537 -528
6538 -404
6539 -456
6540 -352
6541 -448
6542 -544
6543 -500
6544 -660
6545 -492
6546 -532
6547 -652
6548 -668
6549 -476
6550 -608
6551 -700
6552 -468
6553 -696
6554 -644
6555 -444
6556 -608
6557 -492
6558 -456
6559 -684
6560 -516
6561 -504
6562 -560
6563 -444
6564 -372
6565 -508
6566 -444
6567 -552
6568 -424
6569 -300
6570 -516
6571 -416
6572 -140
6573 -648
6574 -384
6575 -420
6576 -516
6577 -392
6578 -404
6579 -672
6580 -748
6581 -508
6582 -672
6583 -488
6584 -704
6585 -332
6586 -712
6587 -520
6588 -444
6589 -380
6590 -752
6591 -608
6592 -624
6593 -564
6594 -360
6595 -444
6596 -620
6597 -700
6598 -704
6599 -408
6600 -724
6601 -520
6602 -276
6603 -580
6604 -408
6605 -544
6606 -568
6607 -300
6608 -540
6609 -232
6610 -576
6611 -684
6612 -504
6613 -704
6614 -508
6615 -732
6616 -280
6617 -732
6618 -632
6619 -284
6620 -616
6621 -472
6622 -540
6623 -396
6624 -488
6625 -432
6626 -432
6627 -344
6628 -428
6629 -292
6630 -528
6631 -600
6632 -468
6633 -416
6634 -504
6635 -348
6636 -588
6637 -764
6638 -736
6639 -392
6640 -608
6641 -248
6642 -572
6643 -696
6644 -596
6645 -452
6646 -388
6647 -612
6648 -540
6649 -796
6650 -560
6651 -536
6652 -372
6653 -716
6654 -632
6655 -540
6656 -520
6657 -720
6658 -296
6659 -436
6660 -496
6661 -504
6662 -428
6663 -416
6664 -360
6665 -564
6666 -636
6667 -688
6668 -452
6669 -668
6670 -456
6671 -624
6672 -580
6673 -444
6674 -452
6675 -300
6676 -572
6677 -516
6678 -260
6679 -332
6680 -556
6681 -576
6682 -268
6683 -696
6684 -540
6685 -424
6686 -596
6687 -496
6688 -440
6689 -528
6690 -572
6691 -440
6692 -568
6693 -468
6694 -432
6695 -552
6696 -324
6697 -384
6698 -416
6699 -500
6700 -460
6701 -504
6702 -368
6703 -664
6704 -352
6705 -388
6706 -628
6707 -532
6708 -608
6709 -492
6710 -592
6711 -692
6712 -376
6713 -580
6714 -612
6715 -524
6716 -616
6717 -304
6718 -588
6719 -356
6720 -396
6721 -692
6722 -564
6723 -544
6724 -596
6725 -524
6726 -484
6727 -500
6728 -520
6729 -392
6730 -276
6731 -720
6732 -372
6733 -480
6734 -240
6735 -472
6736 -548
6737 -428
6738 -476
6739 -476
6740 -516
6741 -544
6742 -368
6743 -864
6744 -536
6745 -444
6746 -580
6747 -280
6748 -492
6749 -596
6750 -544
6751 -472
6752 -652
6753 -828
6754 -572
6755 -492
6756 -608
6757 -732
6758 -340
6759 -428
6760 -720
6761 -396
6762 -460
6763 -404
6764 -572
6765 -432
6766 -448
6767 -368
6768 -508
6769 -600
6770 -504
6771 -568
6772 -672
6773 -328
6774 -676
6775 -580
6776 -524
6777 -592
6778 -404
6779 -220
6780 -508
6781 -600
6782 -568
6783 -480
6784 -580
6785 -464
6786 -388
6787 -540
6788 -668
6789 -668
6790 -604
6791 -760
6792 -532
6793 -464
6794 -388
6795 -564
6796 -496
6797 -592
6798 -412
6799 -524
6800 -604
6801 -576
6802 -512
6803 -628
6804 -708
6805 -640
6806 -496
6807 -728
6808 -468
6809 -568
6810 -392
6811 -372
6812 -468
6813 -680
6814 -624
6815 -352
6816 -232
6817 -428
6818 -384
6819 -720
6820 -372
6821 -460
6822 -472
6823 -536
6824 -572
6825 -552
6826 -592
6827 -612
6828 -496
6829 -472
6830 -564
6831 -520
6832 -596
6833 -504
6834 -488
6835 -660
6836 -352
6837 -412
6838 -664
6839 -320
6840 -672
6841 -620
6842 -452
6843 -472
6844 -392
6845 -544
6846 -740
6847 -512
6848 -460
6849 -548
6850 -420
6851 -640
6852 -624
6853 -172
6854 -600
6855 -196
6856 -668
6857 -616
6858 -480
6859 -576
6860 -640
6861 -400
6862 -456
6863 -660
6864 -372
6865 -732
6866 -404
6867 -568
6868 -560
6869 -492
6870 -232
6871 -528
6872 -528
6873 -336
6874 -416
6875 -292
6876 -624
6877 -768
6878 -468
6879 -696
6880 -596
6881 -656
6882 -584
6883 -508
6884 -688
6885 -560
6886 -488
6887 -452
6888 -472
6889 -532
6890 -612
6891 -584
6892 -808
6893 -612
6894 -536
6895 -728
6896 -616
6897 -712
6898 -600
6899 -568
6900 -276
6901 -696
6902 -428
6903 -564
6904 -504
6905 -540
6906 -456
6907 -596
6908 -448
6909 -632
6910 -652
6911 -372
6912 -628
6913 -664
6914 -384
6915 -504
6916 -548
6917 -544
6918 -516
6919 -408
6920 -472
6921 -456
6922 -576
6923 -796
6924 -572
6925 -264
6926 -700
6927 -368
6928 -620
6929 -620
6930 -200
6931 -552
6932 -368
6933 -488
6934 -456
6935 -568
6936 -616
6937 -600
6938 -612
6939 -532
6940 -520
6941 -268
6942 -560
6943 -496
6944 -668
6945 -308
6946 -740
6947 -484
6948 -444
6949 -444
6950 -464
6951 -572
6952 -568
6953 -584
6954 -564
6955 -576
6956 -508
6957 -296
6958 -220
6959 -428
6960 -732
6961 -652
6962 -676
6963 -428
6964 -580
6965 -512
6966 -532
6967 -920
6968 -672
6969 -428
6970 -260
6971 -492
6972 -396
6973 -532
6974 -488
6975 -400
6976 -692
6977 -436
6978 -604
6979 -744
6980 -420
6981 -544
6982 -536
6983 -548
6984 -432
6985 -608
6986 -656
6987 -500
6988 -336
6989 -448
6990 -348
6991 -660
6992 -688
6993 -476
6994 -500
6995 -548
6996 -728
6997 -408
6998 -564
6999 -488
7000 -432
7001 -568
7002 -456
7003 -608
7004 -476
7005 -476
7006 -388
7007 -624
7008 -548
7009 -464
7010 -364
7011 -580
7012 -608
7013 -536
7014 -420
7015 -624
7016 -180
7017 -504
7018 -572
7019 -528
7020 -572
7021 -472
7022 -368
7023 -412
7024 -520
7025 -816
7026 -712
7027 -588
7028 -436
7029 -144
7030 -572
7031 -592
7032 -452
7033 -556
7034 -420
7035 -584
7036 -560
7037 -600
7038 -332
7039 -472
7040 -608
7041 -536
7042 -660
7043 -424
7044 -252
7045 -648
7046 -664
7047 -544
7048 -436
7049 -484
7050 -556
7051 -684
7052 -452
7053 -352
7054 -576
7055 -560
7056 -556
7057 -572
7058 -456
7059 -484
7060 -496
7061 -404
7062 -772
7063 -108
7064 -456
7065 -420
7066 -400
7067 -648
7068 -516
7069 -600
7070 -604
7071 -288
7072 -744
7073 -412
7074 -564
7075 -432
7076 -508
7077 -388
7078 -480
7079 -172
7080 -360
7081 -372
7082 -624
7083 -440
7084 -608
7085 -652
7086 -676
7087 -836
7088 -524
7089 -356
7090 -408
7091 -604
7092 -404
7093 -380
7094 -384
7095 -316
7096 -560
7097 -468
7098 -556
7099 -440
7100 -804
7101 -580
7102 -716
7103 -464
7104 -272
7105 -620
7106 -736
7107 -572
7108 -500
7109 -464
7110 -432
7111 -620
7112 -528
7113 -528
7114 -648
7115 -584
7116 -312
7117 -304
7118 -528
7119 -688
7120 -404
7121 -744
7122 -316
7123 -400
7124 -368
7125 -500
7126 -272
7127 -408
7128 -524
7129 -328
7130 -324
7131 -832
7132 -332
7133 -572
7134 -172
7135 -436
7136 -460
7137 -488
7138 -312
7139 -288
7140 -500
7141 -680
7142 -684
7143 -668
7144 -764
7145 -264
7146 -424
7147 -416
7148 -404
7149 -644
7150 -388
7151 -560
7152 -696
7153 -356
7154 -740
7155 -296
7156 -520
7157 -568
7158 -616
7159 -456
7160 -408
7161 -504
7162 -448
7163 -316
7164 -664
7165 -472
7166 -304
7167 -476
7168 -560
7169 -604
7170 -620
7171 -464
7172 -720
7173 -744
7174 -668
7175 -596
7176 -404
7177 -432
7178 -664
7179 -432
7180 -468
7181 -532
7182 -448
7183 -496
7184 -604
7185 -216
7186 -448
7187 -664
7188 -576
7189 -432
7190 -404
7191 -676
7192 -708
7193 -608
7194 -580
7195 -600
7196 -360
7197 -608
7198 -696
7199 -420
7200 -336
7201 -508
7202 -408
7203 -328
7204 -452
7205 -440
7206 -500
7207 -628
7208 -656
7209 -332
7210 -624
7211 -388
7212 -768
7213 -472
7214 -536
7215 -652
7216 -744
7217 -652
7218 -288
7219 -588
7220 -280
7221 -540
7222 -584
7223 -512
7224 -528
7225 -604
7226 -352
7227 -708
7228 -460
7229 -324
7230 -428
7231 -504
7232 -392
7233 -388
7234 -652
7235 -480
7236 -552
7237 -560
7238 -564
7239 -172
7240 -576
7241 -776
7242 -540
7243 -944
7244 -384
7245 -560
7246 -492
7247 -368
7248 -328
7249 -396
7250 -272
7251 -440
7252 -360
7253 -528
7254 -584
7255 -340
7256 -460
7257 -552
7258 -264
7259 -428
7260 -568
7261 -560
7262 -484
7263 -620
7264 -508
7265 -388
7266 -400
7267 -680
7268 -456
7269 -860
7270 -580
7271 -460
7272 -536
7273 -508
7274 -372
7275 -472
7276 -704
7277 -556
7278 -540
7279 -716
7280 -696
7281 -512
7282 -432
7283 -500
7284 -388
7285 -508
7286 -360
7287 -380
7288 -440
7289 -604
7290 -304
7291 -496
7292 -420
7293 -608
7294 -484
7295 -660
7296 -668
7297 -520
7298 -656
7299 -608
7300 -700
7301 -620
7302 -460
7303 -520
7304 -668
7305 -420
7306 -528
7307 -524
7308 -540
7309 -392
7310 -312
7311 -680
7312 -492
7313 -556
7314 -296
7315 -680
7316 -528
7317 -620
7318 -896
7319 -308
7320 -584
7321 -576
7322 -488
7323 -384
7324 -584
7325 -516
7326 -316
7327 -524
7328 -328
7329 -356
7330 -576
7331 -232
7332 -344
7333 -640
7334 -548
7335 -600
7336 -580
7337 -492
7338 -404
7339 -232
7340 -612
7341 -636
7342 -424
7343 -504
7344 -668
7345 -432
7346 -500
7347 -400
7348 -572
7349 -672
7350 -848
7351 -484
7352 -768
7353 -460
7354 -428
7355 -444
7356 -392
7357 -580
7358 -312
7359 -444
7360 -644
7361 -392
7362 -468
7363 -588
7364 -436
7365 -436
7366 -556
7367 -588
7368 -432
7369 -636
7370 -288
7371 -616
7372 -564
7373 -512
7374 -644
7375 -596
7376 -552
7377 -260
7378 -648
7379 -388
7380 -368
7381 -384
7382 -436
7383 -764
7384 -452
7385 -500
7386 -592
7387 -464
7388 -540
7389 -524
7390 -516
7391 -640
7392 -332
7393 -628
7394 -460
7395 -508
7396 -348
7397 -640
7398 -640
7399 -528
7400 -428
7401 -336
7402 -464
7403 -440
7404 -732
7405 -568
7406 -500
7407 -604
7408 -596
7409 -528
7410 -496
7411 -372
7412 -592
7413 -532
7414 -548
7415 -660
7416 -744
7417 -476
7418 -784
7419 -416
7420 -716
7421 -740
7422 -504
7423 -492
7424 -428
7425 -168
7426 -504
7427 -748
7428 -536
7429 -636
7430 -468
7431 -432
7432 -532
7433 -524
7434 -432
7435 -420
7436 -280
7437 -376
7438 -220
7439 -432
7440 -724
7441 -360
7442 -564
7443 -372
7444 -672
7445 -672
7446 -708
7447 -540
7448 -708
7449 -448
7450 -656
7451 -492
7452 -436
7453 -584
7454 -200
7455 -512
7456 -384
7457 -344
7458 -644
7459 -604
7460 -976
7461 -408
7462 -468
7463 -544
7464 -440
7465 -500
7466 -332
7467 -496
7468 -468
7469 -492
7470 -560
7471 -368
7472 -752
7473 -340
7474 -452
7475 -528
7476 -628
7477 -700
7478 -272
7479 -504
7480 -360
7481 -380
7482 -548
7483 -600
7484 -680
7485 -280
7486 -316
7487 -748
7488 -508
7489 -368
7490 -480
7491 -712
7492 -404
7493 -796
7494 -616
7495 -364
7496 -296
7497 -368
7498 -492
7499 -716
7500 -496
7501 -528
7502 -360
7503 -452
7504 -356
7505 -276
7506 -496
7507 -472
7508 -556
7509 -752
7510 -460
7511 -564
7512 -440
7513 -528
7514 -300
7515 -496
7516 -696
7517 -312
7518 -636
7519 -652
7520 -320
7521 -380
7522 -592
7523 -668
7524 -280
7525 -228
7526 -644
7527 -172
7528 -424
7529 -684
7530 -664
7531 -604
7532 -524
7533 -540
7534 -280
7535 -736
7536 -384
7537 -336
7538 -516
7539 -440
7540 -576
7541 -396
7542 -552
7543 -256
7544 -540
7545 -652
7546 -428
7547 -492
7548 -416
7549 -672
7550 -404
7551 -600
7552 -492
7553 -636
7554 -444
7555 -488
7556 -544
7557 -652
7558 -516
7559 -444
7560 -588
7561 -688
7562 -532
7563 -420
7564 -488
7565 -688
7566 -484
7567 -596
7568 -640
7569 -452
7570 -472
7571 -492
7572 -572
7573 -440
7574 -496
7575 -312
7576 -672
7577 -368
7578 -312
7579 -432
7580 -572
7581 -320
7582 -688
7583 -812
7584 -384
7585 -428
7586 -340
7587 -304
7588 -412
7589 -712
7590 -356
7591 -444
7592 -420
7593 -448
7594 -632
7595 -468
7596 -504
7597 -516
7598 -452
7599 -384
7600 -584
7601 -680
7602 -384
7603 -176
7604 -688
7605 -284
7606 -616
7607 -316
7608 -504
7609 -756
7610 -604
7611 -600
7612 -544
7613 -364
7614 -216
7615 -620
7616 -648
7617 -160
7618 -436
7619 -764
7620 -352
7621 -268
7622 -428
7623 -108
7624 -392
7625 -428
7626 -488
7627 -472
7628 -632
7629 -304
7630 -488
7631 -564
7632 -380
7633 -512
7634 -676
7635 -332
7636 -564
7637 -576
7638 -344
7639 -524
7640 -424
7641 -224
7642 -704
7643 -536
7644 -440
7645 -504
7646 -716
7647 -652
7648 -484
7649 -592
7650 -560
7651 -552
7652 -700
7653 -360
7654 -692
7655 -504
7656 -512
7657 -780
7658 -392
7659 -648
7660 -432
7661 -560
7662 -536
7663 -456
7664 -552
7665 -484
7666 -604
7667 -476
7668 -556
7669 -584
7670 -496
7671 -484
7672 -512
7673 -472
7674 -600
7675 -724
7676 -700
7677 -584
7678 -576
7679 -444
7680 -576
7681 -352
7682 -300
7683 -624
7684 -352
7685 -376
7686 -552
7687 -580
7688 -516
7689 -764
7690 -520
7691 -512
7692 -484
7693 -620
7694 -768
7695 -656
7696 -720
7697 -516
7698 -656
7699 -284
7700 -596
7701 -448
7702 -720
7703 -460
7704 -660
7705 -596
7706 -712
7707 -560
7708 -800
7709 -632
7710 -588
7711 -552
7712 -512
7713 -492
7714 -472
7715 -548
7716 -532
7717 -528
7718 -340
7719 -764
7720 -368
7721 -440
7722 -344
7723 -504
7724 -616
7725 -572
7726 -724
7727 -476
7728 -612
7729 -468
7730 -324
7731 -756
7732 -460
7733 -556
7734 -600
7735 -440
7736 -624
7737 -564
7738 -480
7739 -640
7740 -636
7741 -504
7742 -260
7743 -340
7744 -780
7745 -452
7746 -548
7747 -432
7748 -608
7749 -264
7750 -568
7751 -480
7752 -540
7753 -628
7754 -644
7755 -540
7756 -600
7757 -452
7758 -492
7759 -524
7760 -592
7761 -444
7762 -576
7763 -712
7764 -496
7765 -496
7766 -624
7767 -548
7768 -888
7769 -588
7770 -756
7771 -480
7772 -456
7773 -624
7774 -484
7775 -496
7776 -600
7777 -648
7778 -428
7779 -676
7780 -620
7781 -592
7782 -448
7783 -680
7784 -800
7785 -464
7786 -648
7787 -504
7788 -392
7789 -552
7790 -596
7791 -424
7792 -568
7793 -760
7794 -404
7795 -540
7796 -892
7797 -520
7798 -384
7799 -488
7800 -488
7801 -488
7802 -756
7803 -404
7804 -660
7805 -496
7806 -604
7807 -416
7808 -536
7809 -408
7810 -688
7811 -420
7812 -392
7813 -336
7814 -708
7815 -372
7816 -588
7817 -844
7818 -688
7819 -340
7820 -392
7821 -548
7822 -384
7823 -472
7824 -680
7825 -344
7826 -524
7827 -516
7828 -548
7829 -320
7830 -376
7831 -612
7832 -548
7833 -472
7834 -580
7835 -600
7836 -604
7837 -420
7838 -700
7839 -584
7840 -460
7841 -428
7842 -428
7843 -624
7844 -428
7845 -464
7846 -488
7847 -292
7848 -420
7849 -452
7850 -444
7851 -408
7852 -316
7853 -372
7854 -560
7855 -588
7856 -332
7857 -532
7858 -576
7859 -708
7860 -456
7861 -304
7862 -828
7863 -680
7864 -388
7865 -744
7866 -384
7867 -444
7868 -556
7869 -168
7870 -460
7871 -416
7872 -472
7873 -248
7874 -728
7875 -344
7876 -476
7877 -716
7878 -512
7879 -496
7880 -256
7881 -428
7882 -496
7883 -568
7884 -684
7885 -716
7886 -468
7887 -356
7888 -472
7889 -468
7890 -620
7891 -304
7892 -348
7893 -616
7894 -436
7895 -600
7896 -352
7897 -636
7898 -652
7899 -516
7900 -500
7901 -168
7902 -364
7903 -308
7904 -260
7905 -124
7906 -444
7907 -672
7908 -512
7909 -580
7910 -136
7911 -852
7912 -560
7913 -332
7914 -604
7915 -888
7916 -456
7917 -380
7918 -460
7919 -596
7920 -504
7921 -280
7922 -364
7923 -672
7924 -512
7925 -636
7926 -360
7927 -704
7928 -712
7929 -620
7930 -496
7931 -460
7932 -564
7933 -412
7934 -648
7935 -476
7936 -604
7937 -312
7938 -300
7939 -572
7940 -300
7941 -652
7942 -460
7943 -440
7944 -492
7945 -560
7946 -344
7947 -604
7948 -380
7949 -320
7950 -348
7951 -560
7952 -372
7953 -472
7954 -616
7955 -248
7956 -492
7957 -584
7958 -312
7959 -328
7960 -448
7961 -432
7962 -376
7963 -728
7964 -708
7965 -476
7966 -796
7967 -704
7968 -392
7969 -556
7970 -596
7971 -564
7972 -352
7973 -644
7974 -312
7975 -680
7976 -492
7977 -336
7978 -476
7979 -576
7980 -404
7981 -604
7982 -536
7983 -464
7984 -420
7985 -476
7986 -472
7987 -336
7988 -580
7989 -688
7990 -600
7991 -616
7992 -568
7993 -472
7994 -540
7995 -620
7996 -552
7997 -548
7998 -540
7999 -696
8000 -492
8001 -276
8002 -676
8003 -460
8004 -548
8005 -560
8006 -504
8007 -508
8008 -568
8009 -284
8010 -644
8011 -480
8012 -756
8013 -552
8014 -528
8015 -500
8016 -412
8017 -540
8018 -348
8019 -536
8020 -436
8021 -496
8022 -596
8023 -364
8024 -632
8025 -584
8026 -496
8027 -476
8028 -344
8029 -312
8030 -412
8031 -760
8032 -528
8033 -292
8034 -544
8035 -616
8036 -480
8037 -388
8038 -452
8039 -740
8040 -564
8041 -748
8042 -400
8043 -288
8044 -396
8045 -588
8046 -348
8047 -564
8048 -584
8049 -412
8050 -772
8051 -720
8052 -404
8053 -472
8054 -620
8055 -420
8056 -576
8057 -476
8058 -580
8059 -628
8060 -744
8061 -480
8062 -620
8063 -532
8064 -508
8065 -288
8066 -368
8067 -576
8068 -580
8069 -580
8070 -624
8071 -372
8072 -668
8073 -544
8074 -544
8075 -436
8076 -532
8077 -492
8078 -428
8079 -756
8080 -332
8081 -712
8082 -292
8083 -452
8084 -540
8085 -472
8086 -544
8087 -536
8088 -572
8089 -408
8090 -316
8091 -460
8092 -428
8093 -508
8094 -644
8095 -656
8096 -544
8097 -328
8098 -688
8099 -472
8100 -440
8101 -432
8102 -576
8103 -288
8104 -328
8105 -520
8106 -816
8107 -672
8108 -428
8109 -220
8110 -520
8111 -560
8112 -532
8113 -812
8114 -612
8115 -260
8116 -516
8117 -512
8118 -632
8119 -572
8120 -488
8121 -672
8122 -708
8123 -612
8124 -452
8125 -336
8126 -444
8127 -556
8128 -232
8129 -432
8130 -568
8131 -488
8132 -404
8133 -448
8134 -448
8135 -588
8136 -548
8137 -436
8138 -620
8139 -364
8140 -488
8141 -580
8142 -532
8143 -484
8144 -640
8145 -452
8146 -512
8147 -824
8148 -280
8149 -584
8150 -460
8151 -556
8152 -592
8153 -360
8154 -552
8155 -284
8156 -580
8157 -692
8158 -372
8159 -344
8160 -660
8161 -604
8162 -424
8163 -616
8164 -352
8165 -628
8166 -336
8167 -552
8168 -620
8169 -532
8170 -616
8171 -652
8172 -552
8173 -244
8174 -412
8175 -608
8176 -460
8177 -628
8178 -688
8179 -580
8180 -384
8181 -416
8182 -564
8183 -344
8184 -580
8185 -628
8186 -408
8187 -312
8188 -656
8189 -460
8190 -272
8191 -472
8192 -248
8193 -684
8194 -460
8195 -644
8196 -368
8197 -624
8198 -428
8199 -448
8200 -564
8201 -572
8202 -804
8203 -668
8204 -516
8205 -344
8206 -372
8207 -572
8208 -252
8209 -416
8210 -452
8211 -508
8212 -780
8213 -444
8214 -560
8215 -312
8216 -592
8217 -664
8218 -248
8219 -516
8220 -420
8221 -396
8222 -472
8223 -496
8224 -336
8225 -704
8226 -424
8227 -516
8228 -516
8229 -436
8230 -448
8231 -488
8232 -548
8233 -688
8234 -344
8235 -484
8236 -152
8237 -472
8238 -252
8239 -520
8240 -760
8241 -440
8242 -728
8243 -324
8244 -556
8245 -244
8246 -616
8247 -320
8248 -444
8249 -676
8250 -376
8251 -580
8252 -560
8253 -540
8254 -800
8255 -604
8256 -480
8257 -456
8258 -560
8259 -528
8260 -720
8261 -488
8262 -496
8263 -172
8264 -392
8265 -644
8266 -400
8267 -648
8268 -424
8269 -436
8270 -568
8271 -512
8272 -568
8273 -376
8274 -212
8275 -560
8276 -572
8277 -236
8278 -596
8279 -388
8280 -504
8281 -620
8282 -756
8283 -576
8284 -616
8285 -600
8286 -520
8287 -732
8288 -732
8289 -580
8290 -560
8291 -772
8292 -160
8293 -484
8294 -744
8295 -448
8296 -588
8297 -656
8298 -520
8299 -492
8300 -292
8301 -728
8302 -296
8303 -396
8304 -424
8305 -392
8306 -388
8307 -660
8308 -488
8309 -464
8310 -652
8311 -416
8312 -704
8313 -448
8314 -392
8315 -616
8316 -488
8317 -420
8318 -604
8319 -612
8320 -496
8321 -624
8322 -320
8323 -792
8324 -512
8325 -488
8326 -144
8327 -472
8328 -792
8329 -464
8330 -560
8331 -396
8332 -396
8333 -652
8334 -592
8335 -768
8336 -396
8337 -800
8338 -548
8339 -812
8340 -440
8341 -844
8342 -636
8343 -668
8344 -552
8345 -524
8346 -580
8347 -332
8348 -624
8349 -476
8350 -624
8351 -300
8352 -616
8353 -392
8354 -452
8355 -540
8356 -548
8357 -292
8358 -460
8359 -444
8360 -472
8361 -408
8362 -676
8363 -880
8364 -636
8365 -624
8366 -288
8367 -436
8368 -316
8369 -724
8370 -604
8371 -708
8372 -676
8373 -576
8374 -784
8375 -380
8376 -760
8377 -528
8378 -572
8379 -352
8380 -420
8381 -736
8382 -632
8383 -776
8384 -484
8385 -732
8386 -752
8387 -680
8388 -392
8389 -508
8390 -564
8391 -596
8392 -432
8393 -600
8394 -416
8395 -380
8396 -600
8397 -676
8398 -576
8399 -436
8400 -508
8401 -448
8402 -508
8403 -404
8404 -548
8405 -492
8406 -460
8407 -428
8408 -556
8409 -524
8410 -440
8411 -608
8412 -688
8413 -492
8414 -488
8415 -512
8416 -560
8417 -564
8418 -536
8419 -516
8420 -740
8421 -764
8422 -500
8423 -520
8424 -528
8425 -736
8426 -412
8427 -732
8428 -636
8429 -416
8430 -456
8431 -644
8432 -452
8433 -312
8434 -276
8435 -420
8436 -740
8437 -576
8438 -572
8439 -336
8440 -452
8441 -308
8442 -564
8443 -540
8444 -588
8445 -448
8446 -336
8447 -832
8448 -576
8449 -360
8450 -540
8451 -324
8452 -588
8453 -532
8454 -560
8455 -356
8456 -524
8457 -308
8458 -552
8459 -468
8460 -328
8461 -708
8462 -544
8463 -464
8464 -724
8465 -516
8466 -764
8467 -580
8468 -608
8469 -696
8470 -156
8471 -224
8472 -880
8473 -492
8474 -636
8475 -396
8476 -548
8477 -556
8478 -548
8479 -416
8480 -344
8481 -388
8482 -728
8483 -704
8484 -416
8485 -512
8486 -812
8487 -444
8488 -524
8489 -260
8490 -472
8491 -312
8492 -512
8493 -480
8494 -376
8495 -456
8496 -600
8497 -796
8498 -868
8499 -472
8500 -560
8501 -644
8502 -296
8503 -396
8504 -492
8505 -564
8506 -572
8507 -668
8508 -804
8509 -408
8510 -312
8511 -588
8512 -392
8513 -544
8514 -596
8515 -588
8516 -588
8517 -348
8518 -500
8519 -680
8520 -328
8521 -548
8522 -600
8523 -428
8524 -468
8525 -612
8526 -520
8527 -432
8528 -688
8529 -428
8530 -468
8531 -304
8532 -456
8533 -480
8534 -680
8535 -520
8536 -500
8537 -676
8538 -784
8539 -372
8540 -584
8541 -656
8542 -356
8543 -584
8544 -760
8545 -596
8546 -868
8547 -588
8548 -316
8549 -360
8550 -428
8551 -668
8552 -356
8553 -544
8554 -592
8555 -720
8556 -328
8557 -524
8558 -336
8559 -524
8560 -520
8561 -676
8562 -828
8563 -532
8564 -620
8565 -556
8566 -548
8567 -696
8568 -664
8569 -808
8570 -716
8571 -656
8572 -440
8573 -532
8574 -556
8575 -620
8576 -860
8577 -204
8578 -664
8579 -584
8580 -580
8581 -700
8582 -488
8583 -444
8584 -496
8585 -288
8586 -340
8587 -740
8588 -784
8589 -492
8590 -348
8591 -600
8592 -216
8593 -668
8594 -344
8595 -800
8596 -584
8597 -464
8598 -276
8599 -336
8600 -508
8601 -528
8602 -544
8603 -692
8604 -688
8605 -572
8606 -872
8607 -192
8608 -740
8609 -284
8610 -476
8611 -628
8612 -740
8613 -396
8614 -352
8615 -664
8616 -572
8617 -724
8618 -560
8619 -676
8620 -908
8621 -476
8622 -604
8623 -500
8624 -668
8625 -556
8626 -636
8627 -352
8628 -364
8629 -292
8630 -468
8631 -420
8632 -400
8633 -584
8634 -592
8635 -412
8636 -256
8637 -532
8638 -664
8639 -544
8640 -540
8641 -464
8642 -640
8643 -348
8644 -652
8645 -468
8646 -492
8647 -376
8648 -508
8649 -636
8650 -448
8651 -784
8652 -704
8653 -432
8654 -492
8655 -452
8656 -564
8657 -648
8658 -584
8659 -280
8660 -336
8661 -520
8662 -592
8663 -500
8664 -376
8665 -460
8666 -672
8667 -244
8668 -428
8669 -484
8670 -560
8671 -200
8672 -792
8673 -684
8674 -572
8675 -612
8676 -412
8677 -528
8678 -664
8679 -520
8680 -756
8681 -460
8682 -460
8683 -600
8684 -264
8685 -572
8686 -420
8687 -308
8688 -504
8689 -604
8690 -568
8691 -428
8692 -432
8693 -708
8694 -560
8695 -644
8696 -400
8697 -812
8698 -316
8699 -596
8700 -536
8701 -412
8702 -136
8703 -928
8704 -484
8705 -548
8706 -484
8707 -856
8708 -332
8709 -404
8710 -668
8711 -492
8712 -608
8713 -608
8714 -772
8715 -536
8716 -528
8717 -576
8718 -392
8719 -744
8720 -436
8721 -804
8722 -632
8723 -588
8724 -536
8725 -396
8726 -372
8727 -520
8728 -544
8729 -388
8730 -460
8731 -608
8732 -756
8733 -412
8734 -536
8735 -532
8736 -456
8737 -296
8738 -432
8739 -652
8740 -636
8741 -548
8742 -500
8743 -224
8744 -832
8745 -884
8746 -612
8747 -228
8748 -528
8749 -608
8750 -452
8751 -840
8752 -540
8753 -580
8754 -368
8755 -448
8756 -576
8757 -416
8758 -332
8759 -396
8760 -692
8761 -700
8762 -512
8763 -468
8764 -436
8765 -292
8766 -308
8767 -452
8768 -248
8769 -356
8770 -488
8771 -356
8772 -468
8773 -488
8774 -336
8775 -528
8776 -400
8777 -540
8778 -700
8779 -448
8780 -524
8781 -320
8782 -576
8783 -236
8784 -680
8785 -476
8786 -744
8787 -528
8788 -596
8789 -548
8790 -760
8791 -428
8792 -436
8793 -628
8794 -784
8795 -344
8796 -708
8797 -504
8798 -452
8799 -636
8800 -504
8801 -548
8802 -508
8803 -532
8804 -784
8805 -580
8806 -544
8807 -476
8808 -644
8809 -268
8810 -648
8811 -580
8812 -484
8813 -520
8814 -780
8815 -660
8816 -368
8817 -672
8818 -520
8819 -552
8820 -544
8821 -620
8822 -696
8823 -432
8824 -596
8825 -632
8826 -624
8827 -596
8828 -612
8829 -716
8830 -468
8831 -648
8832 -608
8833 -608
8834 -632
8835 -564
8836 -720
8837 -464
8838 -632
8839 -544
8840 -628
8841 -664
8842 -440
8843 -656
8844 -572
8845 -704
8846 -600
8847 -588
8848 -692
8849 -668
8850 -452
8851 -592
8852 -492
8853 -636
8854 -508
8855 -496
8856 -300
8857 -388
8858 -772
8859 -364
8860 -512
8861 -444
8862 -424
8863 -552
8864 -472
8865 -344
8866 -580
8867 -452
8868 -532
8869 -532
8870 -696
8871 -700
8872 -464
8873 -508
8874 -468
8875 -316
8876 -348
8877 -600
8878 -184
8879 -404
8880 -408
8881 -724
8882 -424
8883 -512
8884 -652
8885 -800
8886 -420
8887 -544
8888 -440
8889 -480
8890 -308
8891 -520
8892 -624
8893 -440
8894 -684
8895 -552
8896 -464
8897 -476
8898 -416
8899 -372
8900 -468
8901 -348
8902 -384
8903 -392
8904 -652
8905 -444
8906 -588
8907 -944
8908 -608
8909 -352
8910 -352
8911 -532
8912 -548
8913 -524
8914 -508
8915 -380
8916 -500
8917 -432
8918 -488
8919 -388
8920 -492
8921 -560
8922 -368
8923 -400
8924 -396
8925 -304
8926 -560
8927 -392
8928 -292
8929 -464
8930 -392
8931 -512
8932 -400
8933 -528
8934 -744
8935 -544
8936 -628
8937 -580
8938 -688
8939 -632
8940 -704
8941 -468
8942 -392
8943 -464
8944 -528
8945 -508
8946 -596
8947 -588
8948 -360
8949 -412
8950 -660
8951 -384
8952 -252
8953 -644
8954 -432
8955 -560
8956 -472
8957 -448
8958 -636
8959 -572
8960 -300
8961 -740
8962 -536
8963 -864
8964 -508
8965 -476
8966 -228
8967 -488
8968 -480
8969 -520
8970 -452
8971 -532
8972 -628
8973 -688
8974 -380
8975 -676
8976 -532
8977 -576
8978 -704
8979 -376
8980 -304
8981 -464
8982 -340
8983 -704
8984 -492
8985 -252
8986 -464
8987 -624
8988 -496
8989 -304
8990 -520
8991 -624
8992 -416
8993 -516
8994 -540
8995 -536
8996 -560
8997 -504
8998 -404
8999 -320
9000 -496
9001 -468
9002 -616
9003 -896
9004 -468
9005 -660
9006 -416
9007 -756
9008 -692
9009 -268
9010 -500
9011 -532
9012 -440
9013 -496
9014 -520
9015 -392
9016 -708
9017 -508
9018 -276
9019 -396
9020 -516
9021 -656
9022 -748
9023 -392
9024 -596
9025 -504
9026 -420
9027 -600
9028 -752
9029 -472
9030 -604
9031 -832
9032 -464
9033 -336
9034 -392
9035 -596
9036 -840
9037 -672
9038 -356
9039 -428
9040 -684
9041 -952
9042 -552
9043 -576
9044 -324
9045 -320
9046 -248
9047 -408
9048 -628
9049 -372
9050 -292
9051 -480
9052 -372
9053 -636
9054 -240
9055 -528
9056 -696
9057 -336
9058 -408
9059 -580
9060 -612
9061 -496
9062 -556
9063 -204
9064 -496
9065 -480
9066 -640
9067 -556
9068 -772
9069 -460
9070 -412
9071 -344
9072 -568
9073 -768
9074 -572
9075 -448
9076 -316
9077 -636
9078 -276
9079 -500
9080 -220
9081 -372
9082 -168
9083 -436
9084 -424
9085 -480
9086 -504
9087 -424
9088 -756
9089 -500
9090 -580
9091 -176
9092 -308
9093 -732
9094 -572
9095 -628
9096 -480
9097 -552
9098 -608
9099 -376
9100 -448
9101 -584
9102 -492
9103 -364
9104 -356
9105 -424
9106 -372
9107 -500
9108 -532
9109 -716
9110 -516
9111 -836
9112 -408
9113 -484
9114 -188
9115 -584
9116 -804
9117 -596
9118 -384
9119 -376
9120 -408
9121 -548
9122 -452
9123 -480
9124 -532
9125 -452
9126 -480
9127 -492
9128 -400
9129 -524
9130 -440
9131 -684
9132 -632
9133 -456
9134 -168
9135 -472
9136 -536
9137 -448
9138 -372
9139 -488
9140 -212
9141 -180
9142 -396
9143 -368
9144 -592
9145 -528
9146 -368
9147 -616
9148 -608
9149 -380
9150 -740
9151 -656
9152 -524
9153 -500
9154 -556
9155 -688
9156 -336
9157 -672
9158 -572
9159 -520
9160 -460
9161 -752
9162 -308
9163 -672
9164 -660
9165 -324
9166 -264
9167 -376
9168 -412
9169 -376
9170 -404
9171 -904
9172 -512
9173 -584
9174 -568
9175 -520
9176 -792
9177 -444
9178 -528
9179 -380
9180 -428
9181 -388
9182 -492
9183 -436
9184 -228
9185 -656
9186 -352
9187 -448
9188 -552
9189 -468
9190 -680
9191 -340
9192 -524
9193 -440
9194 -556
9195 -604
9196 -332
9197 -384
9198 -860
9199 -612
9200 -584
9201 -688
9202 -516
9203 -620
9204 -428
9205 -304
9206 -624
9207 -500
9208 -440
9209 -348
9210 -540
9211 -568
9212 -376
9213 -648
9214 -452
9215 -544
9216 -600
9217 -456
9218 -196
9219 -404
9220 -520
9221 -488
9222 -536
9223 -492
9224 -620
9225 -696
9226 -320
9227 -452
9228 -228
9229 -760
9230 -604
9231 -548
9232 -752
9233 -588
9234 -432
9235 -688
9236 -652
9237 -644
9238 -436
9239 -344
9240 -752
9241 -560
9242 -620
9243 -488
9244 -412
9245 -456
9246 -432
9247 -628
9248 -484
9249 -312
9250 -672
9251 -696
9252 -408
9253 -304
9254 -408
9255 -508
9256 -404
9257 -856
9258 -472
9259 -320
9260 -408
9261 -428
9262 -736
9263 -388
9264 -428
9265 -576
9266 -520
9267 -636
9268 -576
9269 -464
9270 -484
9271 -532
9272 -308
9273 -468
9274 -352
9275 -624
9276 -676
9277 -312
9278 -500
9279 -404
9280 -416
9281 -532
9282 -424
9283 -460
9284 -532
9285 -740
9286 -248
9287 -648
9288 -436
9289 -456
9290 -516
9291 -492
9292 -460
9293 -436
9294 -484
9295 -484
9296 -448
9297 -408
9298 -280
9299 -528
9300 -728
9301 -640
9302 -344
9303 -732
9304 -644
9305 -624
9306 -404
9307 -496
9308 -720
9309 -636
9310 -360
9311 -344
9312 -324
9313 -372
9314 -292
9315 -540
9316 -548
9317 -584
9318 -408
9319 -524
9320 -696
9321 -380
9322 -536
9323 -536
9324 -408
9325 -244
9326 -500
9327 -452
9328 -324
9329 -540
9330 -512
9331 -380
9332 -548
9333 -464
9334 -632
9335 -236
9336 -420
9337 -732
9338 -680
9339 -656
9340 -304
9341 -348
9342 -696
9343 -636
9344 -396
9345 -368
9346 -464
9347 -564
9348 -468
9349 -464
9350 -420
9351 -528
9352 -320
9353 -656
9354 -608
9355 -600
9356 -496
9357 -544
9358 -112
9359 -484
9360 -644
9361 -492
9362 -468
9363 -656
9364 -620
9365 -492
9366 -496
9367 -744
9368 -364
9369 -704
9370 -296
9371 -392
9372 -276
9373 -596
9374 -612
9375 -452
9376 -492
9377 -448
9378 -520
9379 -488
9380 -292
9381 -460
9382 -564
9383 -668
9384 -624
9385 -536
9386 -372
9387 -536
9388 -604
9389 -860
9390 -596
9391 -376
9392 -520
9393 -500
9394 -516
9395 -552
9396 -444
9397 -584
9398 -396
9399 -448
9400 -468
9401 -532
9402 -480
9403 -868
9404 -404
9405 -528
9406 -376
9407 -732
9408 -476
9409 -584
9410 -580
9411 -640
9412 -448
9413 -368
9414 -672
9415 -688
9416 -352
9417 -520
9418 -672
9419 -544
9420 -736
9421 -476
9422 -504
9423 -400
9424 -412
9425 -452
9426 -664
9427 -576
9428 -720
9429 -848
9430 -732
9431 -472
9432 -552
9433 -744
9434 -420
9435 -536
9436 -624
9437 -580
9438 -404
9439 -532
9440 -128
9441 -820
9442 -380
9443 -504
9444 -700
9445 -496
9446 -584
9447 -496
9448 -788
9449 -656
9450 -492
9451 -556
9452 -600
9453 -452
9454 -452
9455 -528
9456 -508
9457 -568
9458 -368
9459 -668
9460 -268
9461 -524
9462 -248
9463 -476
9464 -464
9465 -440
9466 -364
9467 -452
9468 -592
9469 -552
9470 -584
9471 -208
9472 -604
9473 -488
9474 -408
9475 -484
9476 -440
9477 -420
9478 -388
9479 -624
9480 -516
9481 -480
9482 -456
9483 -412
9484 -592
9485 -528
9486 -640
9487 -648
9488 -500
9489 -592
9490 -788
9491 -728
9492 -720
9493 -296
9494 -380
9495 -708
9496 -648
9497 -536
9498 -308
9499 -348
9500 -820
9501 -328
9502 -696
9503 -464
9504 -628
9505 -792
9506 -604
9507 -480
9508 -536
9509 -772
9510 -484
9511 -576
9512 -516
9513 -456
9514 -268
9515 -340
9516 -480
9517 -516
9518 -624
9519 -336
9520 -668
9521 -492
9522 -416
9523 -264
9524 -500
9525 -500
9526 -600
9527 -456
9528 -408
9529 -296
9530 -444
9531 -508
9532 -476
9533 -596
9534 -416
9535 -620
9536 -616
9537 -468
9538 -380
9539 -660
9540 -396
9541 -572
9542 -328
9543 -612
9544 -744
9545 -516
9546 -624
9547 -412
9548 -648
9549 -340
9550 -368
9551 -220
9552 -436
9553 -392
9554 -724
9555 -276
9556 -552
9557 -292
9558 -788
9559 -620
9560 -548
9561 -440
9562 -456
9563 -680
9564 -632
9565 -140
9566 -476
9567 -376
9568 -436
9569 -408
9570 -500
9571 -472
9572 -544
9573 -440
9574 -532
9575 -288
9576 -648
9577 -568
9578 -456
9579 -632
9580 -524
9581 -460
9582 -572
9583 -548
9584 -672
9585 -564
9586 -648
9587 -540
9588 -680
9589 -412
9590 -400
9591 -384
9592 -316
9593 -444
9594 -332
9595 -464
9596 -732
9597 -280
9598 -480
9599 -544
9600 -584
9601 -536
9602 -320
9603 -544
9604 -532
9605 -528
9606 -616
9607 -512
9608 -380
9609 -472
9610 -412
9611 -236
9612 -276
9613 -296
9614 -656
9615 -392
9616 -316
9617 -456
9618 -560
9619 -712
9620 -392
9621 -456
9622 -544
9623 -412
9624 -424
9625 -696
9626 -336
9627 -192
9628 -376
9629 -416
9630 -760
9631 -552
9632 -552
9633 -524
9634 -496
9635 -396
9636 -536
9637 -628
9638 -556
9639 -420
9640 -280
9641 -564
9642 -588
9643 -540
9644 -684
9645 -692
9646 -548
9647 -536
9648 -416
9649 -532
9650 -520
9651 -676
9652 -540
9653 -404
9654 -476
9655 -512
9656 -716
9657 -500
9658 -244
9659 -628
9660 -404
9661 -332
9662 -452
9663 -484
9664 -572
9665 -260
9666 -272
9667 -404
9668 -416
9669 -376
9670 -384
9671 -608
9672 -304
9673 -536
9674 -584
9675 -548
9676 -696
9677 -280
9678 -704
9679 -528
9680 -212
9681 -508
9682 -504
9683 -776
9684 -780
9685 -552
9686 -408
9687 -488
9688 -332
9689 -596
9690 -720
9691 -428
9692 -424
9693 -492
9694 -652
9695 -336
9696 -360
9697 -336
9698 -552
9699 -320
9700 -680
9701 -588
9702 -444
9703 -460
9704 -548
9705 -544
9706 -372
9707 -276
9708 -604
9709 -400
9710 -308
9711 -392
9712 -836
9713 -648
9714 -372
9715 -620
9716 -476
9717 -328
9718 -624
9719 -524
9720 -476
9721 -512
9722 -348
9723 -320
9724 -432
9725 -400
9726 -204
9727 -388
9728 -712
9729 -500
9730 -616
9731 -816
9732 -436
9733 -532
9734 -360
9735 -396
9736 -300
9737 -404
9738 -504
9739 -672
9740 -432
9741 -264
9742 -524
9743 -536
9744 -520
9745 -480
9746 -464
9747 -516
9748 -648
9749 -412
9750 -556
9751 -732
9752 -556
9753 -528
9754 -472
9755 -636
9756 -676
9757 -408
9758 -588
9759 -616
9760 -424
9761 -724
9762 -892
9763 -372
9764 -388
9765 -488
9766 -560
9767 -516
9768 -264
9769 -264
9770 -472
9771 -448
9772 -472
9773 -328
9774 -500
9775 -644
9776 -416
9777 -512
9778 -256
9779 -444
9780 -668
9781 -624
9782 -588
9783 -400
9784 -368
9785 -584
9786 -600
9787 -792
9788 -376
9789 -296
9790 -568
9791 -468
9792 -716
9793 -396
9794 -568
9795 -564
9796 -668
9797 -396
9798 -580
9799 -516
9800 -468
9801 -504
9802 -696
9803 -480
9804 -416
9805 -324
9806 -632
9807 -708
9808 -408
9809 -208
9810 -408
9811 -592
9812 -472
9813 -264
9814 -440
9815 -608
9816 -416
9817 -564
9818 -316
9819 -436
9820 -708
9821 -712
9822 -616
9823 -364
9824 -540
9825 -756
9826 -424
9827 -384
9828 -376
9829 -504
9830 -588
9831 -476
9832 -780
9833 -256
9834 -504
9835 -636
9836 -516
9837 -704
9838 -568
9839 -356
9840 -240
9841 -324
9842 -564
9843 -588
9844 -740
9845 -620
9846 -488
9847 -704
9848 -356
9849 -256
9850 -464
9851 -308
9852 -672
9853 -472
9854 -624
9855 -392
9856 -480
9857 -760
9858 -620
9859 -372
9860 -588
9861 -568
9862 -368
9863 -488
9864 -420
9865 -472
9866 -492
9867 -700
9868 -532
9869 -544
9870 -372
9871 -920
9872 -488
9873 -696
9874 -328
9875 -520
9876 -628
9877 -684
9878 -360
9879 -356
9880 -328
9881 -616
9882 -300
9883 -576
9884 -532
9885 -308
9886 -504
9887 -376
9888 -672
9889 -360
9890 -712
9891 -376
9892 -432
9893 -564
9894 -404
9895 -800
9896 -336
9897 -360
9898 -432
9899 -640
9900 -308
9901 -468
9902 -208
9903 -440
9904 -568
9905 -704
9906 -544
9907 -568
9908 -460
9909 -208
9910 -720
9911 -284
9912 -664
9913 -312
9914 -628
9915 -572
9916 -488
9917 -424
9918 -660
9919 -724
9920 -568
9921 -788
9922 -484
9923 -612
9924 -556
9925 -356
9926 -744
9927 -564
9928 -544
9929 -376
9930 -500
9931 -836
9932 -260
9933 -528
9934 -764
9935 -916
9936 -704
9937 -396
9938 -548
9939 -720
9940 -868
9941 -552
9942 -608
9943 -416
9944 -560
9945 -548
9946 -420
9947 -388
9948 -640
9949 -736
9950 -472
9951 -480
9952 -496
9953 -688
9954 -296
9955 -512
9956 -456
9957 -680
9958 -528
9959 -628
9960 -308
9961 -524
9962 -336
9963 -560
9964 -588
9965 -652
9966 -320
9967 -320
9968 -500
9969 -532
9970 -504
9971 -404
9972 -684
9973 -524
9974 -612
9975 -416
9976 -632
9977 -412
9978 -328
9979 -540
9980 -616
9981 -328
9982 -544
9983 -588
9984 -736
9985 -348
9986 -460
9987 -492
9988 -464
9989 -404
9990 -624
9991 -120
9992 -496
9993 -504
9994 -436
9995 -280
9996 -652
9997 -528
9998 -440
9999 -660
10000 -520
