0 312
1 -6348
2 -8704
3 -9872
4 -10676
5 -11224
6 -11808
7 -12208
8 -12464
9 -12900
10 -12828
11 -13012
12 -13044
13 -13440
14 -13396
15 -13420
16 -13660
17 -13872
18 -14056
19 -14228
20 -14052
21 -14104
22 -14172
23 -13836
24 -14032
25 -14032
26 -14256
27 -14384
28 -14248
29 -14440
30 -14532
31 -14616
32 -14432
33 -14392
34 -14320
35 -14196
36 -14384
37 -14244
38 -14312
39 -14396
40 -14504
41 -14420
42 -14472
43 -14512
44 -14488
45 -14572
46 -14660
47 -14544
48 -14776
49 -14980
50 -14908
51 -14904
52 -14800
53 -14716
54 -14656
55 -14752
56 -14944
57 -15120
58 -15092
59 -14856
60 -14932
61 -15104
62 -15288
63 -15232
64 -15132
65 -15148
66 -15244
67 -15108
68 -15020
69 -15216
70 -15164
71 -15176
72 -15140
73 -15260
74 -15348
75 -15120
76 -15108
77 -15044
78 -14928
79 -14636
80 -14848
81 -15036
82 -15224
83 -15348
84 -15288
85 -15224
86 -15356
87 -15208
88 -15292
89 -15320
90 -15284
91 -15240
92 -15188
93 -15084
94 -15288
95 -15008
96 -15000
97 -15372
98 -15348
99 -15336
100 -15572
101 -15396
102 -15444
103 -15448
104 -15516
105 -15448
106 -15408
107 -15468
108 -15404
109 -15472
110 -15364
111 -15388
112 -15556
113 -15516
114 -15388
115 -15552
116 -15640
117 -15532
118 -15700
119 -15860
120 -15588
121 -15600
122 -15764
123 -15400
124 -15500
125 -15672
126 -15716
127 -15484
128 -15576
129 -15628
130 -15756
131 -15684
132 -15544
133 -15684
134 -15752
135 -15664
136 -15428
137 -15700
138 -15512
139 -15492
140 -15668
141 -15544
142 -15712
143 -15692
144 -15716
145 -15656
146 -15652
147 -15596
148 -15668
149 -15712
150 -15728
151 -15932
152 -15792
153 -15948
154 -15640
155 -15732
156 -15972
157 -15808
158 -15900
159 -16124
160 -16164
161 -16072
162 -15968
163 -15888
164 -15996
165 -16148
166 -16172
167 -16052
168 -16192
169 -15984
170 -16168
171 -15972
172 -16140
173 -16296
174 -16092
175 -16280
176 -16292
177 -16236
178 -16180
179 -16120
180 -16184
181 -16120
182 -16128
183 -16336
184 -16384
185 -16272
186 -16328
187 -16212
188 -16392
189 -16608
190 -16392
191 -16316
192 -16172
193 -16168
194 -16072
195 -15948
196 -15968
197 -16200
198 -16264
199 -16308
200 -16080
201 -16108
202 -15888
203 -16200
204 -16192
205 -16140
206 -16128
207 -16176
208 -16176
209 -16116
210 -16160
211 -15916
212 -16020
213 -15884
214 -16008
215 -16184
216 -16044
217 -15976
218 -16040
219 -16080
220 -16004
221 -16336
222 -16200
223 -16052
224 -16112
225 -16056
226 -16236
227 -16324
228 -16292
229 -16352
230 -16572
231 -16684
232 -16424
233 -16268
234 -16184
235 -16232
236 -16272
237 -16196
238 -16164
239 -16164
240 -16320
241 -16220
242 -16276
243 -16076
244 -16160
245 -15956
246 -16016
247 -15908
248 -15964
249 -16148
250 -16180
251 -16284
252 -16488
253 -16356
254 -16284
255 -16500
256 -16480
257 -16488
258 -16468
259 -16280
260 -16548
261 -16304
262 -16300
263 -16220
264 -16128
265 -16148
266 -16196
267 -16424
268 -16424
269 -16268
270 -16456
271 -16616
272 -16332
273 -16380
274 -16512
275 -16388
276 -16496
277 -16472
278 -16312
279 -16356
280 -16236
281 -16168
282 -16244
283 -15992
284 -16164
285 -16316
286 -16368
287 -16492
288 -16448
289 -16452
290 -16284
291 -16256
292 -16404
293 -16380
294 -16440
295 -16480
296 -16332
297 -16204
298 -16284
299 -15920
300 -15884
301 -16148
302 -16300
303 -16372
304 -16352
305 -16188
306 -16256
307 -16396
308 -16204
309 -16128
310 -16244
311 -16284
312 -16164
313 -16200
314 -16336
315 -16412
316 -16488
317 -16444
318 -16272
319 -16232
320 -16048
321 -16180
322 -16212
323 -16368
324 -16320
325 -16212
326 -16296
327 -16336
328 -16260
329 -16184
330 -16168
331 -16276
332 -16352
333 -16280
334 -16324
335 -16272
336 -16288
337 -16220
338 -16072
339 -16096
340 -16160
341 -16180
342 -16224
343 -16400
344 -16444
345 -16240
346 -16236
347 -16404
348 -16312
349 -16288
350 -16376
351 -16268
352 -16376
353 -16368
354 -16192
355 -16164
356 -16256
357 -16272
358 -16144
359 -16220
360 -16100
361 -16192
362 -16272
363 -16228
364 -16204
365 -16260
366 -16236
367 -16184
368 -16252
369 -16296
370 -16112
371 -16332
372 -16244
373 -16388
374 -16344
375 -16380
376 -16564
377 -16368
378 -16480
379 -16692
380 -16540
381 -16416
382 -16236
383 -16388
384 -16456
385 -16456
386 -16320
387 -16340
388 -16364
389 -16468
390 -16288
391 -16204
392 -16384
393 -16248
394 -16448
395 -16504
396 -16392
397 -16336
398 -16364
399 -16508
400 -16564
401 -16772
402 -16748
403 -16648
404 -16288
405 -16268
406 -16348
407 -16524
408 -16240
409 -16580
410 -16528
411 -16620
412 -16500
413 -16504
414 -16356
415 -16448
416 -16232
417 -16336
418 -16396
419 -16376
420 -16720
421 -16568
422 -16524
423 -16608
424 -16764
425 -16780
426 -16676
427 -16696
428 -16804
429 -16884
430 -16828
431 -16844
432 -16888
433 -16728
434 -16772
435 -16732
436 -16672
437 -16672
438 -16756
439 -16872
440 -16816
441 -16816
442 -16740
443 -16596
444 -16524
445 -16464
446 -16416
447 -16360
448 -16392
449 -16560
450 -16300
451 -16244
452 -16156
453 -16252
454 -16108
455 -16240
456 -16252
457 -16340
458 -16328
459 -16352
460 -16408
461 -16248
462 -16272
463 -16236
464 -16468
465 -16492
466 -16628
467 -16480
468 -16472
469 -16312
470 -16412
471 -16488
472 -16384
473 -16584
474 -16580
475 -16568
476 -16464
477 -16640
478 -16612
479 -16504
480 -16316
481 -16468
482 -16332
483 -16496
484 -16636
485 -16604
486 -16460
487 -16432
488 -16504
489 -16504
490 -16532
491 -16732
492 -16764
493 -16852
494 -16712
495 -16724
496 -16836
497 -16744
498 -16488
499 -16668
500 -16488
501 -16464
502 -16584
503 -16420
504 -16440
505 -16332
506 -16652
507 -16596
508 -16556
509 -16656
510 -16680
511 -16564
512 -16464
513 -16252
514 -16364
515 -16240
516 -16372
517 -16556
518 -16588
519 -16476
520 -16432
521 -16660
522 -16632
523 -16596
524 -16660
525 -16748
526 -16688
527 -16608
528 -16524
529 -16628
530 -16716
531 -16748
532 -16516
533 -16488
534 -16624
535 -16488
536 -16400
537 -16556
538 -16284
539 -16404
540 -16536
541 -16796
542 -16680
543 -16308
544 -16504
545 -16432
546 -16464
547 -16472
548 -16492
549 -16564
550 -16552
551 -16604
552 -16608
553 -16628
554 -16440
555 -16436
556 -16368
557 -16176
558 -16220
559 -16268
560 -16356
561 -16256
562 -16360
563 -16420
564 -16336
565 -16236
566 -16248
567 -16236
568 -16300
569 -16032
570 -15948
571 -16024
572 -15984
573 -16040
574 -16272
575 -16376
576 -16380
577 -16280
578 -16572
579 -16236
580 -16428
581 -16308
582 -16392
583 -16324
584 -16412
585 -16428
586 -16528
587 -16428
588 -16576
589 -16524
590 -16296
591 -16404
592 -16408
593 -16432
594 -16544
595 -16424
596 -16468
597 -16548
598 -16408
599 -16716
600 -16612
601 -16580
602 -16568
603 -16528
604 -16488
605 -16520
606 -16552
607 -16336
608 -16360
609 -16536
610 -16272
611 -16312
612 -16460
613 -16572
614 -16512
615 -16460
616 -16452
617 -16692
618 -16480
619 -16424
620 -16516
621 -16444
622 -16264
623 -16284
624 -16260
625 -16244
626 -16452
627 -16376
628 -16452
629 -16368
630 -16440
631 -16500
632 -16756
633 -16644
634 -16544
635 -16584
636 -16740
637 -16644
638 -16828
639 -16556
640 -16460
641 -16460
642 -16552
643 -16452
644 -16384
645 -16440
646 -16544
647 -16500
648 -16688
649 -16648
650 -16368
651 -16672
652 -16640
653 -16620
654 -16368
655 -16540
656 -16496
657 -16420
658 -16440
659 -16492
660 -16436
661 -16316
662 -16312
663 -16384
664 -16404
665 -16464
666 -16544
667 -16468
668 -16612
669 -16492
670 -16408
671 -16348
672 -16196
673 -16380
674 -16392
675 -16376
676 -16424
677 -16348
678 -16384
679 -16256
680 -16600
681 -16612
682 -16460
683 -16284
684 -16500
685 -16456
686 -16500
687 -16508
688 -16512
689 -16476
690 -16544
691 -16532
692 -16344
693 -15988
694 -16148
695 -16420
696 -16484
697 -16424
698 -16616
699 -16488
700 -16508
701 -16372
702 -16252
703 -16236
704 -16256
705 -16124
706 -16176
707 -16300
708 -16256
709 -16376
710 -16224
711 -16532
712 -16440
713 -16348
714 -16316
715 -16292
716 -16400
717 -16540
718 -16312
719 -16136
720 -16044
721 -16240
722 -16260
723 -16388
724 -16328
725 -16276
726 -16216
727 -16276
728 -16176
729 -16164
730 -16328
731 -16332
732 -16404
733 -16576
734 -16648
735 -16364
736 -16544
737 -16360
738 -16476
739 -16532
740 -16600
741 -16376
742 -16400
743 -16372
744 -16460
745 -16496
746 -16328
747 -16376
748 -16456
749 -16568
750 -16492
751 -16380
752 -16272
753 -16348
754 -16352
755 -16128
756 -16272
757 -16580
758 -16556
759 -16788
760 -16620
761 -16396
762 -16372
763 -16420
764 -16456
765 -16404
766 -16476
767 -16484
768 -16436
769 -16400
770 -16276
771 -16340
772 -16448
773 -16508
774 -16600
775 -16356
776 -16136
777 -16304
778 -16432
779 -16560
780 -16556
781 -16468
782 -16356
783 -16300
784 -16204
785 -16340
786 -16340
787 -16504
788 -16780
789 -16684
790 -16520
791 -16820
792 -16676
793 -16784
794 -16728
795 -16676
796 -16292
797 -16168
798 -16172
799 -16352
800 -16348
801 -16256
802 -16340
803 -16416
804 -16440
805 -16488
806 -16540
807 -16768
808 -16544
809 -16696
810 -16548
811 -16492
812 -16280
813 -16236
814 -16556
815 -16676
816 -16736
817 -16580
818 -16472
819 -16496
820 -16504
821 -16560
822 -16496
823 -16596
824 -16644
825 -16620
826 -16656
827 -16616
828 -16648
829 -16736
830 -16612
831 -16700
832 -16716
833 -16764
834 -16656
835 -16408
836 -16384
837 -16636
838 -16648
839 -16556
840 -16700
841 -16684
842 -16644
843 -16556
844 -16692
845 -16672
846 -16648
847 -16508
848 -16568
849 -16412
850 -16232
851 -16400
852 -16264
853 -16352
854 -16328
855 -16584
856 -16644
857 -16592
858 -16668
859 -16572
860 -16728
861 -16648
862 -16672
863 -16808
864 -16632
865 -16760
866 -16592
867 -16764
868 -16748
869 -16888
870 -16792
871 -16968
872 -17004
873 -16804
874 -16508
875 -16316
876 -16256
877 -16464
878 -16420
879 -16576
880 -16480
881 -16312
882 -16524
883 -16696
884 -16560
885 -16540
886 -16612
887 -16516
888 -16560
889 -16552
890 -16816
891 -16956
892 -16892
893 -16868
894 -16868
895 -16776
896 -16636
897 -16840
898 -16636
899 -16556
900 -16716
901 -16652
902 -16376
903 -16624
904 -16684
905 -16588
906 -16776
907 -16640
908 -16432
909 -16644
910 -16728
911 -16760
912 -16580
913 -16664
914 -16700
915 -16760
916 -16356
917 -16396
918 -16360
919 -16460
920 -16332
921 -16364
922 -16500
923 -16480
924 -16560
925 -16496
926 -16700
927 -16576
928 -16736
929 -16768
930 -16712
931 -16412
932 -16664
933 -16672
934 -16516
935 -16588
936 -16668
937 -16544
938 -16700
939 -16816
940 -16852
941 -16768
942 -16500
943 -16472
944 -16472
945 -16396
946 -16252
947 -16364
948 -16356
949 -16400
950 -16332
951 -16344
952 -16360
953 -16456
954 -16400
955 -16396
956 -16404
957 -16496
958 -16352
959 -16220
960 -16328
961 -16332
962 -16380
963 -16432
964 -16472
965 -16576
966 -16448
967 -16460
968 -16532
969 -16484
970 -16520
971 -16688
972 -16508
973 -16588
974 -16652
975 -16480
976 -16556
977 -16764
978 -16800
979 -16620
980 -16516
981 -16548
982 -16520
983 -16696
984 -16732
985 -16680
986 -16540
987 -16688
988 -16576
989 -16408
990 -16512
991 -16740
992 -16720
993 -16632
994 -16684
995 -16628
996 -16624
997 -16576
998 -16596
999 -16608
1000 -16656
